{"/Users/rebeccahu/Desktop/budgetApp/app/App.js": {"path":"/Users/rebeccahu/Desktop/budgetApp/app/App.js","statementMap":{"0":{"start":{"line":7,"column":0},"end":{"line":10,"column":2}}},"fnMap":{},"branchMap":{"0":{"loc":{"start":{"line":9,"column":4},"end":{"line":9,"column":77}},"type":"binary-expr","locations":[{"start":{"line":9,"column":4},"end":{"line":9,"column":34}},{"start":{"line":9,"column":38},"end":{"line":9,"column":77}}],"line":9}},"s":{"0":1},"f":{},"b":{"0":[1,1]},"_coverageSchema":"43e27e138ebf9cfc5966b082cf9a028302ed4184","hash":"99ce8ee8e5ce4606df3234a09880dc34f0b9f696"}
,"/Users/rebeccahu/Desktop/budgetApp/app/index.js": {"path":"/Users/rebeccahu/Desktop/budgetApp/app/index.js","statementMap":{},"fnMap":{},"branchMap":{},"s":{},"f":{},"b":{}}
,"/Users/rebeccahu/Desktop/budgetApp/app/classes/classes.js": {"path":"/Users/rebeccahu/Desktop/budgetApp/app/classes/classes.js","statementMap":{},"fnMap":{},"branchMap":{},"s":{},"f":{},"b":{},"_coverageSchema":"43e27e138ebf9cfc5966b082cf9a028302ed4184","hash":"7a521f12853b4e284e44211e6c68982f3cf2e31e"}
,"/Users/rebeccahu/Desktop/budgetApp/app/classes/item.js": {"path":"/Users/rebeccahu/Desktop/budgetApp/app/classes/item.js","statementMap":{"0":{"start":{"line":13,"column":21},"end":{"line":13,"column":45}},"1":{"start":{"line":15,"column":8},"end":{"line":29,"column":9}},"2":{"start":{"line":16,"column":12},"end":{"line":28,"column":13}},"3":{"start":{"line":20,"column":15},"end":{"line":27,"column":19}},"4":{"start":{"line":22,"column":24},"end":{"line":22,"column":48}},"5":{"start":{"line":25,"column":24},"end":{"line":25,"column":68}},"6":{"start":{"line":31,"column":33},"end":{"line":31,"column":88}},"7":{"start":{"line":32,"column":8},"end":{"line":34,"column":9}},"8":{"start":{"line":33,"column":12},"end":{"line":33,"column":35}},"9":{"start":{"line":40,"column":8},"end":{"line":43,"column":9}},"10":{"start":{"line":41,"column":12},"end":{"line":41,"column":36}},"11":{"start":{"line":42,"column":12},"end":{"line":42,"column":36}}},"fnMap":{"0":{"name":"(anonymous_0)","decl":{"start":{"line":11,"column":4},"end":{"line":11,"column":5}},"loc":{"start":{"line":11,"column":43},"end":{"line":44,"column":5}},"line":11},"1":{"name":"(anonymous_1)","decl":{"start":{"line":21,"column":25},"end":{"line":21,"column":26}},"loc":{"start":{"line":21,"column":31},"end":{"line":23,"column":21}},"line":21},"2":{"name":"(anonymous_2)","decl":{"start":{"line":24,"column":25},"end":{"line":24,"column":26}},"loc":{"start":{"line":24,"column":36},"end":{"line":26,"column":21}},"line":24},"3":{"name":"(anonymous_3)","decl":{"start":{"line":40,"column":19},"end":{"line":40,"column":20}},"loc":{"start":{"line":40,"column":39},"end":{"line":43,"column":9}},"line":40}},"branchMap":{"0":{"loc":{"start":{"line":16,"column":12},"end":{"line":28,"column":13}},"type":"if","locations":[{"start":{"line":16,"column":12},"end":{"line":28,"column":13}},{"start":{"line":16,"column":12},"end":{"line":28,"column":13}}],"line":16},"1":{"loc":{"start":{"line":32,"column":8},"end":{"line":34,"column":9}},"type":"if","locations":[{"start":{"line":32,"column":8},"end":{"line":34,"column":9}},{"start":{"line":32,"column":8},"end":{"line":34,"column":9}}],"line":32},"2":{"loc":{"start":{"line":32,"column":11},"end":{"line":32,"column":53}},"type":"binary-expr","locations":[{"start":{"line":32,"column":11},"end":{"line":32,"column":27}},{"start":{"line":32,"column":31},"end":{"line":32,"column":53}}],"line":32}},"s":{"0":66,"1":66,"2":434,"3":434,"4":678,"5":1,"6":66,"7":66,"8":4,"9":62,"10":191,"11":191},"f":{"0":66,"1":678,"2":1,"3":191},"b":{"0":[434,0],"1":[4,62],"2":[66,4]},"_coverageSchema":"43e27e138ebf9cfc5966b082cf9a028302ed4184","hash":"b61dbaea13c96dfe010ef5ce3624ff55361e5f9d"}
,"/Users/rebeccahu/Desktop/budgetApp/app/classes/samples.js": {"path":"/Users/rebeccahu/Desktop/budgetApp/app/classes/samples.js","statementMap":{},"fnMap":{},"branchMap":{},"s":{},"f":{},"b":{},"_coverageSchema":"43e27e138ebf9cfc5966b082cf9a028302ed4184","hash":"31892875ee8cc7d2956587bbe4c3d3f16dc79de4"}
,"/Users/rebeccahu/Desktop/budgetApp/app/classes/account/account.defaults.js": {"path":"/Users/rebeccahu/Desktop/budgetApp/app/classes/account/account.defaults.js","statementMap":{},"fnMap":{},"branchMap":{},"s":{},"f":{},"b":{},"_coverageSchema":"43e27e138ebf9cfc5966b082cf9a028302ed4184","hash":"1ccdc932bd7f8b16131a7893c370ef27e3bf9523"}
,"/Users/rebeccahu/Desktop/budgetApp/app/classes/account/account.js": {"path":"/Users/rebeccahu/Desktop/budgetApp/app/classes/account/account.js","statementMap":{"0":{"start":{"line":3,"column":29},"end":{"line":3,"column":33}},"1":{"start":{"line":11,"column":4},"end":{"line":11,"column":37}}},"fnMap":{"0":{"name":"(anonymous_0)","decl":{"start":{"line":10,"column":2},"end":{"line":10,"column":3}},"loc":{"start":{"line":10,"column":21},"end":{"line":12,"column":3}},"line":10}},"branchMap":{},"s":{"0":9,"1":10},"f":{"0":10},"b":{},"_coverageSchema":"43e27e138ebf9cfc5966b082cf9a028302ed4184","hash":"f436c7cfd5f49ad0186c2f9df9a0ce5f0147a89d"}
,"/Users/rebeccahu/Desktop/budgetApp/app/classes/account/account.samples.js": {"path":"/Users/rebeccahu/Desktop/budgetApp/app/classes/account/account.samples.js","statementMap":{},"fnMap":{},"branchMap":{},"s":{},"f":{},"b":{},"_coverageSchema":"43e27e138ebf9cfc5966b082cf9a028302ed4184","hash":"bd39114ca1618d9ce539dc6454232b5be5e34393"}
,"/Users/rebeccahu/Desktop/budgetApp/app/classes/bill/bill.defaults.js": {"path":"/Users/rebeccahu/Desktop/budgetApp/app/classes/bill/bill.defaults.js","statementMap":{},"fnMap":{},"branchMap":{},"s":{},"f":{},"b":{},"_coverageSchema":"43e27e138ebf9cfc5966b082cf9a028302ed4184","hash":"58ac38cfe686e406685227e78f258c199dc04ae1"}
,"/Users/rebeccahu/Desktop/budgetApp/app/classes/bill/bill.js": {"path":"/Users/rebeccahu/Desktop/budgetApp/app/classes/bill/bill.js","statementMap":{"0":{"start":{"line":3,"column":29},"end":{"line":3,"column":33}},"1":{"start":{"line":11,"column":8},"end":{"line":11,"column":41}},"2":{"start":{"line":12,"column":8},"end":{"line":12,"column":40}},"3":{"start":{"line":13,"column":25},"end":{"line":13,"column":34}},"4":{"start":{"line":14,"column":29},"end":{"line":19,"column":9}},"5":{"start":{"line":21,"column":31},"end":{"line":25,"column":9}},"6":{"start":{"line":27,"column":31},"end":{"line":30,"column":9}},"7":{"start":{"line":32,"column":8},"end":{"line":32,"column":29}},"8":{"start":{"line":39,"column":8},"end":{"line":50,"column":10}},"9":{"start":{"line":40,"column":12},"end":{"line":42,"column":13}},"10":{"start":{"line":41,"column":16},"end":{"line":41,"column":36}},"11":{"start":{"line":43,"column":12},"end":{"line":43,"column":35}},"12":{"start":{"line":44,"column":12},"end":{"line":48,"column":13}},"13":{"start":{"line":45,"column":36},"end":{"line":45,"column":71}},"14":{"start":{"line":46,"column":36},"end":{"line":46,"column":71}},"15":{"start":{"line":47,"column":16},"end":{"line":47,"column":60}},"16":{"start":{"line":49,"column":12},"end":{"line":49,"column":30}},"17":{"start":{"line":56,"column":8},"end":{"line":97,"column":9}},"18":{"start":{"line":57,"column":26},"end":{"line":57,"column":38}},"19":{"start":{"line":58,"column":28},"end":{"line":58,"column":40}},"20":{"start":{"line":59,"column":24},"end":{"line":59,"column":32}},"21":{"start":{"line":61,"column":12},"end":{"line":66,"column":13}},"22":{"start":{"line":62,"column":16},"end":{"line":65,"column":18}},"23":{"start":{"line":68,"column":20},"end":{"line":68,"column":21}},"24":{"start":{"line":69,"column":31},"end":{"line":69,"column":49}},"25":{"start":{"line":71,"column":31},"end":{"line":71,"column":33}},"26":{"start":{"line":73,"column":33},"end":{"line":73,"column":60}},"27":{"start":{"line":75,"column":12},"end":{"line":92,"column":13}},"28":{"start":{"line":76,"column":16},"end":{"line":76,"column":39}},"29":{"start":{"line":77,"column":16},"end":{"line":77,"column":54}},"30":{"start":{"line":78,"column":32},"end":{"line":78,"column":54}},"31":{"start":{"line":79,"column":16},"end":{"line":83,"column":17}},"32":{"start":{"line":80,"column":20},"end":{"line":80,"column":44}},"33":{"start":{"line":82,"column":20},"end":{"line":82,"column":55}},"34":{"start":{"line":84,"column":16},"end":{"line":90,"column":19}},"35":{"start":{"line":91,"column":16},"end":{"line":91,"column":20}},"36":{"start":{"line":93,"column":12},"end":{"line":96,"column":14}},"37":{"start":{"line":102,"column":8},"end":{"line":110,"column":9}},"38":{"start":{"line":103,"column":28},"end":{"line":103,"column":40}},"39":{"start":{"line":104,"column":12},"end":{"line":108,"column":13}},"40":{"start":{"line":105,"column":29},"end":{"line":105,"column":60}},"41":{"start":{"line":106,"column":16},"end":{"line":106,"column":52}},"42":{"start":{"line":107,"column":16},"end":{"line":107,"column":60}},"43":{"start":{"line":109,"column":12},"end":{"line":109,"column":32}},"44":{"start":{"line":115,"column":8},"end":{"line":118,"column":9}},"45":{"start":{"line":116,"column":24},"end":{"line":116,"column":32}},"46":{"start":{"line":117,"column":12},"end":{"line":117,"column":55}},"47":{"start":{"line":123,"column":8},"end":{"line":132,"column":9}},"48":{"start":{"line":124,"column":28},"end":{"line":124,"column":40}},"49":{"start":{"line":125,"column":28},"end":{"line":125,"column":40}},"50":{"start":{"line":126,"column":28},"end":{"line":126,"column":40}},"51":{"start":{"line":127,"column":30},"end":{"line":127,"column":60}},"52":{"start":{"line":128,"column":12},"end":{"line":130,"column":13}},"53":{"start":{"line":129,"column":16},"end":{"line":129,"column":61}},"54":{"start":{"line":131,"column":12},"end":{"line":131,"column":32}},"55":{"start":{"line":138,"column":8},"end":{"line":158,"column":9}},"56":{"start":{"line":140,"column":33},"end":{"line":140,"column":50}},"57":{"start":{"line":141,"column":32},"end":{"line":141,"column":48}},"58":{"start":{"line":142,"column":28},"end":{"line":142,"column":40}},"59":{"start":{"line":143,"column":28},"end":{"line":143,"column":40}},"60":{"start":{"line":144,"column":25},"end":{"line":144,"column":34}},"61":{"start":{"line":146,"column":12},"end":{"line":148,"column":13}},"62":{"start":{"line":147,"column":16},"end":{"line":147,"column":57}},"63":{"start":{"line":150,"column":29},"end":{"line":150,"column":64}},"64":{"start":{"line":151,"column":12},"end":{"line":151,"column":90}},"65":{"start":{"line":153,"column":12},"end":{"line":155,"column":13}},"66":{"start":{"line":154,"column":16},"end":{"line":154,"column":46}},"67":{"start":{"line":157,"column":12},"end":{"line":157,"column":43}},"68":{"start":{"line":165,"column":8},"end":{"line":176,"column":9}},"69":{"start":{"line":166,"column":12},"end":{"line":166,"column":41}},"70":{"start":{"line":167,"column":33},"end":{"line":167,"column":77}},"71":{"start":{"line":168,"column":28},"end":{"line":168,"column":73}},"72":{"start":{"line":169,"column":12},"end":{"line":174,"column":13}},"73":{"start":{"line":173,"column":16},"end":{"line":173,"column":45}},"74":{"start":{"line":175,"column":12},"end":{"line":175,"column":37}},"75":{"start":{"line":178,"column":8},"end":{"line":178,"column":32}}},"fnMap":{"0":{"name":"(anonymous_0)","decl":{"start":{"line":10,"column":4},"end":{"line":10,"column":5}},"loc":{"start":{"line":10,"column":23},"end":{"line":179,"column":5}},"line":10},"1":{"name":"(anonymous_1)","decl":{"start":{"line":39,"column":19},"end":{"line":39,"column":20}},"loc":{"start":{"line":39,"column":35},"end":{"line":50,"column":9}},"line":39},"2":{"name":"(anonymous_2)","decl":{"start":{"line":56,"column":40},"end":{"line":56,"column":41}},"loc":{"start":{"line":56,"column":46},"end":{"line":97,"column":9}},"line":56},"3":{"name":"(anonymous_3)","decl":{"start":{"line":102,"column":26},"end":{"line":102,"column":27}},"loc":{"start":{"line":102,"column":42},"end":{"line":110,"column":9}},"line":102},"4":{"name":"(anonymous_4)","decl":{"start":{"line":115,"column":31},"end":{"line":115,"column":32}},"loc":{"start":{"line":115,"column":37},"end":{"line":118,"column":9}},"line":115},"5":{"name":"(anonymous_5)","decl":{"start":{"line":123,"column":26},"end":{"line":123,"column":27}},"loc":{"start":{"line":123,"column":43},"end":{"line":132,"column":9}},"line":123},"6":{"name":"(anonymous_6)","decl":{"start":{"line":138,"column":31},"end":{"line":138,"column":32}},"loc":{"start":{"line":138,"column":37},"end":{"line":158,"column":9}},"line":138},"7":{"name":"(anonymous_7)","decl":{"start":{"line":165,"column":28},"end":{"line":165,"column":29}},"loc":{"start":{"line":165,"column":58},"end":{"line":176,"column":9}},"line":165}},"branchMap":{"0":{"loc":{"start":{"line":40,"column":12},"end":{"line":42,"column":13}},"type":"if","locations":[{"start":{"line":40,"column":12},"end":{"line":42,"column":13}},{"start":{"line":40,"column":12},"end":{"line":42,"column":13}}],"line":40},"1":{"loc":{"start":{"line":44,"column":12},"end":{"line":48,"column":13}},"type":"if","locations":[{"start":{"line":44,"column":12},"end":{"line":48,"column":13}},{"start":{"line":44,"column":12},"end":{"line":48,"column":13}}],"line":44},"2":{"loc":{"start":{"line":61,"column":12},"end":{"line":66,"column":13}},"type":"if","locations":[{"start":{"line":61,"column":12},"end":{"line":66,"column":13}},{"start":{"line":61,"column":12},"end":{"line":66,"column":13}}],"line":61},"3":{"loc":{"start":{"line":61,"column":15},"end":{"line":61,"column":39}},"type":"binary-expr","locations":[{"start":{"line":61,"column":15},"end":{"line":61,"column":27}},{"start":{"line":61,"column":31},"end":{"line":61,"column":39}}],"line":61},"4":{"loc":{"start":{"line":75,"column":19},"end":{"line":75,"column":41}},"type":"binary-expr","locations":[{"start":{"line":75,"column":19},"end":{"line":75,"column":30}},{"start":{"line":75,"column":34},"end":{"line":75,"column":41}}],"line":75},"5":{"loc":{"start":{"line":79,"column":16},"end":{"line":83,"column":17}},"type":"if","locations":[{"start":{"line":79,"column":16},"end":{"line":83,"column":17}},{"start":{"line":79,"column":16},"end":{"line":83,"column":17}}],"line":79},"6":{"loc":{"start":{"line":104,"column":12},"end":{"line":108,"column":13}},"type":"if","locations":[{"start":{"line":104,"column":12},"end":{"line":108,"column":13}},{"start":{"line":104,"column":12},"end":{"line":108,"column":13}}],"line":104},"7":{"loc":{"start":{"line":104,"column":15},"end":{"line":104,"column":46}},"type":"binary-expr","locations":[{"start":{"line":104,"column":15},"end":{"line":104,"column":31}},{"start":{"line":104,"column":35},"end":{"line":104,"column":46}}],"line":104},"8":{"loc":{"start":{"line":127,"column":30},"end":{"line":127,"column":60}},"type":"binary-expr","locations":[{"start":{"line":127,"column":30},"end":{"line":127,"column":37}},{"start":{"line":127,"column":41},"end":{"line":127,"column":48}},{"start":{"line":127,"column":52},"end":{"line":127,"column":60}}],"line":127},"9":{"loc":{"start":{"line":128,"column":12},"end":{"line":130,"column":13}},"type":"if","locations":[{"start":{"line":128,"column":12},"end":{"line":130,"column":13}},{"start":{"line":128,"column":12},"end":{"line":130,"column":13}}],"line":128},"10":{"loc":{"start":{"line":128,"column":15},"end":{"line":128,"column":39}},"type":"binary-expr","locations":[{"start":{"line":128,"column":15},"end":{"line":128,"column":24}},{"start":{"line":128,"column":28},"end":{"line":128,"column":39}}],"line":128},"11":{"loc":{"start":{"line":146,"column":12},"end":{"line":148,"column":13}},"type":"if","locations":[{"start":{"line":146,"column":12},"end":{"line":148,"column":13}},{"start":{"line":146,"column":12},"end":{"line":148,"column":13}}],"line":146},"12":{"loc":{"start":{"line":153,"column":12},"end":{"line":155,"column":13}},"type":"if","locations":[{"start":{"line":153,"column":12},"end":{"line":155,"column":13}},{"start":{"line":153,"column":12},"end":{"line":155,"column":13}}],"line":153},"13":{"loc":{"start":{"line":169,"column":12},"end":{"line":174,"column":13}},"type":"if","locations":[{"start":{"line":169,"column":12},"end":{"line":174,"column":13}},{"start":{"line":169,"column":12},"end":{"line":174,"column":13}}],"line":169},"14":{"loc":{"start":{"line":169,"column":15},"end":{"line":169,"column":40}},"type":"binary-expr","locations":[{"start":{"line":169,"column":15},"end":{"line":169,"column":23}},{"start":{"line":169,"column":27},"end":{"line":169,"column":40}}],"line":169}},"s":{"0":9,"1":18,"2":18,"3":18,"4":18,"5":18,"6":18,"7":18,"8":18,"9":16,"10":2,"11":16,"12":16,"13":14,"14":14,"15":14,"16":16,"17":18,"18":55,"19":55,"20":55,"21":55,"22":25,"23":30,"24":30,"25":30,"26":30,"27":30,"28":332,"29":332,"30":332,"31":332,"32":2,"33":330,"34":332,"35":332,"36":30,"37":18,"38":62,"39":62,"40":54,"41":54,"42":54,"43":62,"44":18,"45":32,"46":32,"47":18,"48":32,"49":32,"50":32,"51":32,"52":32,"53":6,"54":32,"55":18,"56":6,"57":6,"58":6,"59":6,"60":6,"61":6,"62":3,"63":3,"64":3,"65":3,"66":1,"67":3,"68":18,"69":32,"70":32,"71":32,"72":32,"73":30,"74":32,"75":18},"f":{"0":18,"1":16,"2":55,"3":62,"4":32,"5":32,"6":6,"7":32},"b":{"0":[2,14],"1":[14,2],"2":[25,30],"3":[55,36],"4":[362,332],"5":[2,330],"6":[54,8],"7":[62,37],"8":[32,19,18],"9":[6,26],"10":[32,30],"11":[3,3],"12":[1,2],"13":[30,2],"14":[32,6]},"_coverageSchema":"43e27e138ebf9cfc5966b082cf9a028302ed4184","hash":"e85d04a30aa332292d2c3d544568e965b3144d08"}
,"/Users/rebeccahu/Desktop/budgetApp/app/classes/bill/bill.samples.js": {"path":"/Users/rebeccahu/Desktop/budgetApp/app/classes/bill/bill.samples.js","statementMap":{},"fnMap":{},"branchMap":{},"s":{},"f":{},"b":{},"_coverageSchema":"43e27e138ebf9cfc5966b082cf9a028302ed4184","hash":"a24a37d10f3a54a83d312dac1fe4bb9923eb4dcb"}
,"/Users/rebeccahu/Desktop/budgetApp/app/classes/dashboard/dashboard.defaults.js": {"path":"/Users/rebeccahu/Desktop/budgetApp/app/classes/dashboard/dashboard.defaults.js","statementMap":{},"fnMap":{},"branchMap":{},"s":{},"f":{},"b":{},"_coverageSchema":"43e27e138ebf9cfc5966b082cf9a028302ed4184","hash":"cfd9af1a9a1abee8869062c8ed58158c51d2061a"}
,"/Users/rebeccahu/Desktop/budgetApp/app/classes/dashboard/dashboard.js": {"path":"/Users/rebeccahu/Desktop/budgetApp/app/classes/dashboard/dashboard.js","statementMap":{"0":{"start":{"line":3,"column":29},"end":{"line":3,"column":33}},"1":{"start":{"line":11,"column":8},"end":{"line":11,"column":41}}},"fnMap":{"0":{"name":"(anonymous_0)","decl":{"start":{"line":10,"column":4},"end":{"line":10,"column":5}},"loc":{"start":{"line":10,"column":23},"end":{"line":12,"column":5}},"line":10}},"branchMap":{},"s":{"0":8,"1":5},"f":{"0":5},"b":{},"_coverageSchema":"43e27e138ebf9cfc5966b082cf9a028302ed4184","hash":"31e237b04969bfd8213951851820edb04a0ff6b8"}
,"/Users/rebeccahu/Desktop/budgetApp/app/classes/dashboard/dashboard.samples.js": {"path":"/Users/rebeccahu/Desktop/budgetApp/app/classes/dashboard/dashboard.samples.js","statementMap":{"0":{"start":{"line":3,"column":16},"end":{"line":3,"column":23}}},"fnMap":{},"branchMap":{},"s":{"0":1},"f":{},"b":{},"_coverageSchema":"43e27e138ebf9cfc5966b082cf9a028302ed4184","hash":"f3674635b7166559107c8ef0292e301ae1ec5f7d"}
,"/Users/rebeccahu/Desktop/budgetApp/app/classes/deposit/deposit.defaults.js": {"path":"/Users/rebeccahu/Desktop/budgetApp/app/classes/deposit/deposit.defaults.js","statementMap":{"0":{"start":{"line":4,"column":17},"end":{"line":29,"column":1}},"1":{"start":{"line":31,"column":29},"end":{"line":31,"column":55}}},"fnMap":{},"branchMap":{},"s":{"0":10,"1":10},"f":{},"b":{},"_coverageSchema":"43e27e138ebf9cfc5966b082cf9a028302ed4184","hash":"b4cdadb5fce0edb7982a75ad298b45c988bd8a68"}
,"/Users/rebeccahu/Desktop/budgetApp/app/classes/deposit/deposit.js": {"path":"/Users/rebeccahu/Desktop/budgetApp/app/classes/deposit/deposit.js","statementMap":{"0":{"start":{"line":4,"column":29},"end":{"line":4,"column":33}},"1":{"start":{"line":12,"column":8},"end":{"line":12,"column":41}},"2":{"start":{"line":13,"column":8},"end":{"line":13,"column":31}}},"fnMap":{"0":{"name":"(anonymous_0)","decl":{"start":{"line":11,"column":4},"end":{"line":11,"column":5}},"loc":{"start":{"line":11,"column":23},"end":{"line":14,"column":5}},"line":11}},"branchMap":{},"s":{"0":9,"1":16,"2":12},"f":{"0":16},"b":{},"_coverageSchema":"43e27e138ebf9cfc5966b082cf9a028302ed4184","hash":"256a0c3522ac9f8e0ee3156cf278b343373088c1"}
,"/Users/rebeccahu/Desktop/budgetApp/app/classes/deposit/deposit.options.js": {"path":"/Users/rebeccahu/Desktop/budgetApp/app/classes/deposit/deposit.options.js","statementMap":{"0":{"start":{"line":1,"column":21},"end":{"line":3,"column":1}},"1":{"start":{"line":4,"column":22},"end":{"line":4,"column":37}},"2":{"start":{"line":5,"column":22},"end":{"line":5,"column":98}},"3":{"start":{"line":6,"column":22},"end":{"line":13,"column":2}}},"fnMap":{},"branchMap":{},"s":{"0":9,"1":9,"2":9,"3":9},"f":{},"b":{},"_coverageSchema":"43e27e138ebf9cfc5966b082cf9a028302ed4184","hash":"0839906262e5e6fb9e415800c8a303f828cc318f"}
,"/Users/rebeccahu/Desktop/budgetApp/app/classes/deposit/deposit.samples.js": {"path":"/Users/rebeccahu/Desktop/budgetApp/app/classes/deposit/deposit.samples.js","statementMap":{},"fnMap":{},"branchMap":{},"s":{},"f":{},"b":{},"_coverageSchema":"43e27e138ebf9cfc5966b082cf9a028302ed4184","hash":"cbf229607c1aee7ad26352860f18775f268baa97"}
,"/Users/rebeccahu/Desktop/budgetApp/app/classes/payment/payment.defaults.js": {"path":"/Users/rebeccahu/Desktop/budgetApp/app/classes/payment/payment.defaults.js","statementMap":{},"fnMap":{},"branchMap":{},"s":{},"f":{},"b":{},"_coverageSchema":"43e27e138ebf9cfc5966b082cf9a028302ed4184","hash":"9297de1b1650462add535d30af287f9814c9a4fe"}
,"/Users/rebeccahu/Desktop/budgetApp/app/classes/payment/payment.js": {"path":"/Users/rebeccahu/Desktop/budgetApp/app/classes/payment/payment.js","statementMap":{"0":{"start":{"line":3,"column":29},"end":{"line":3,"column":33}},"1":{"start":{"line":11,"column":8},"end":{"line":11,"column":41}}},"fnMap":{"0":{"name":"(anonymous_0)","decl":{"start":{"line":10,"column":4},"end":{"line":10,"column":5}},"loc":{"start":{"line":10,"column":23},"end":{"line":12,"column":5}},"line":10}},"branchMap":{},"s":{"0":9,"1":6},"f":{"0":6},"b":{},"_coverageSchema":"43e27e138ebf9cfc5966b082cf9a028302ed4184","hash":"c7551cede0ded0cb1a34b041ba3ff0038506360c"}
,"/Users/rebeccahu/Desktop/budgetApp/app/classes/payment/payment.samples.js": {"path":"/Users/rebeccahu/Desktop/budgetApp/app/classes/payment/payment.samples.js","statementMap":{},"fnMap":{},"branchMap":{},"s":{},"f":{},"b":{},"_coverageSchema":"43e27e138ebf9cfc5966b082cf9a028302ed4184","hash":"4994bc69313233d3232c873fa18ea54e228b75a3"}
,"/Users/rebeccahu/Desktop/budgetApp/app/classes/state/state.defaults.js": {"path":"/Users/rebeccahu/Desktop/budgetApp/app/classes/state/state.defaults.js","statementMap":{},"fnMap":{},"branchMap":{},"s":{},"f":{},"b":{},"_coverageSchema":"43e27e138ebf9cfc5966b082cf9a028302ed4184","hash":"ae27bf4838795bcdf043d09b182b882efa07361d"}
,"/Users/rebeccahu/Desktop/budgetApp/app/classes/state/state.js": {"path":"/Users/rebeccahu/Desktop/budgetApp/app/classes/state/state.js","statementMap":{"0":{"start":{"line":3,"column":29},"end":{"line":3,"column":33}},"1":{"start":{"line":11,"column":8},"end":{"line":11,"column":41}}},"fnMap":{"0":{"name":"(anonymous_0)","decl":{"start":{"line":10,"column":4},"end":{"line":10,"column":5}},"loc":{"start":{"line":10,"column":23},"end":{"line":12,"column":5}},"line":10}},"branchMap":{},"s":{"0":8,"1":11},"f":{"0":11},"b":{},"_coverageSchema":"43e27e138ebf9cfc5966b082cf9a028302ed4184","hash":"f003741cee77badd478c723f5f24cc2db40f39d8"}
,"/Users/rebeccahu/Desktop/budgetApp/app/classes/state/state.samples.js": {"path":"/Users/rebeccahu/Desktop/budgetApp/app/classes/state/state.samples.js","statementMap":{"0":{"start":{"line":4,"column":42},"end":{"line":4,"column":49}}},"fnMap":{},"branchMap":{},"s":{"0":4},"f":{},"b":{},"_coverageSchema":"43e27e138ebf9cfc5966b082cf9a028302ed4184","hash":"e48d423df11f687c9b708e816a7291bb0fe1811b"}
,"/Users/rebeccahu/Desktop/budgetApp/app/components/Button/Button.js": {"path":"/Users/rebeccahu/Desktop/budgetApp/app/components/Button/Button.js","statementMap":{"0":{"start":{"line":5,"column":28},"end":{"line":5,"column":61}},"1":{"start":{"line":5,"column":34},"end":{"line":5,"column":61}}},"fnMap":{"0":{"name":"(anonymous_0)","decl":{"start":{"line":5,"column":28},"end":{"line":5,"column":29}},"loc":{"start":{"line":5,"column":34},"end":{"line":5,"column":61}},"line":5}},"branchMap":{},"s":{"0":2,"1":2},"f":{"0":2},"b":{},"_coverageSchema":"43e27e138ebf9cfc5966b082cf9a028302ed4184","hash":"2cec00a50fe97e0e631b926c8d0c94b4113cc616"}
,"/Users/rebeccahu/Desktop/budgetApp/app/components/StyleComponent/StyleComponent.js": {"path":"/Users/rebeccahu/Desktop/budgetApp/app/components/StyleComponent/StyleComponent.js","statementMap":{"0":{"start":{"line":7,"column":24},"end":{"line":22,"column":1}}},"fnMap":{},"branchMap":{},"s":{"0":2},"f":{},"b":{},"_coverageSchema":"43e27e138ebf9cfc5966b082cf9a028302ed4184","hash":"e9aa6a23cf86d35bbf252b288062dcd335a3343c"}
,"/Users/rebeccahu/Desktop/budgetApp/app/pages/home/home.js": {"path":"/Users/rebeccahu/Desktop/budgetApp/app/pages/home/home.js","statementMap":{},"fnMap":{},"branchMap":{},"s":{},"f":{},"b":{}}
,"/Users/rebeccahu/Desktop/budgetApp/app/utils/dashboardHandler/dashboardHandler.js": {"path":"/Users/rebeccahu/Desktop/budgetApp/app/utils/dashboardHandler/dashboardHandler.js","statementMap":{"0":{"start":{"line":11,"column":13},"end":{"line":21,"column":1}},"1":{"start":{"line":12,"column":8},"end":{"line":20,"column":10}},"2":{"start":{"line":13,"column":12},"end":{"line":16,"column":29}},"3":{"start":{"line":14,"column":16},"end":{"line":14,"column":49}},"4":{"start":{"line":15,"column":16},"end":{"line":15,"column":30}},"5":{"start":{"line":28,"column":25},"end":{"line":30,"column":1}},"6":{"start":{"line":29,"column":4},"end":{"line":29,"column":77}},"7":{"start":{"line":38,"column":22},"end":{"line":55,"column":1}},"8":{"start":{"line":40,"column":4},"end":{"line":43,"column":5}},"9":{"start":{"line":41,"column":8},"end":{"line":41,"column":41}},"10":{"start":{"line":42,"column":8},"end":{"line":42,"column":40}},"11":{"start":{"line":45,"column":21},"end":{"line":52,"column":6}},"12":{"start":{"line":54,"column":4},"end":{"line":54,"column":22}},"13":{"start":{"line":61,"column":8},"end":{"line":69,"column":11}},"14":{"start":{"line":62,"column":12},"end":{"line":68,"column":13}},"15":{"start":{"line":63,"column":16},"end":{"line":63,"column":62}},"16":{"start":{"line":65,"column":16},"end":{"line":67,"column":33}},"17":{"start":{"line":66,"column":20},"end":{"line":66,"column":64}}},"fnMap":{"0":{"name":"initilization","decl":{"start":{"line":11,"column":22},"end":{"line":11,"column":35}},"loc":{"start":{"line":11,"column":46},"end":{"line":21,"column":1}},"line":11},"1":{"name":"(anonymous_1)","decl":{"start":{"line":12,"column":27},"end":{"line":12,"column":28}},"loc":{"start":{"line":12,"column":48},"end":{"line":20,"column":8}},"line":12},"2":{"name":"(anonymous_2)","decl":{"start":{"line":13,"column":49},"end":{"line":13,"column":50}},"loc":{"start":{"line":13,"column":57},"end":{"line":16,"column":13}},"line":13},"3":{"name":"findsCurrentState","decl":{"start":{"line":28,"column":34},"end":{"line":28,"column":51}},"loc":{"start":{"line":28,"column":61},"end":{"line":30,"column":1}},"line":28},"4":{"name":"initializedDashboard","decl":{"start":{"line":38,"column":31},"end":{"line":38,"column":51}},"loc":{"start":{"line":38,"column":81},"end":{"line":55,"column":1}},"line":38},"5":{"name":"(anonymous_5)","decl":{"start":{"line":60,"column":10},"end":{"line":60,"column":11}},"loc":{"start":{"line":60,"column":50},"end":{"line":70,"column":5}},"line":60},"6":{"name":"(anonymous_6)","decl":{"start":{"line":61,"column":27},"end":{"line":61,"column":28}},"loc":{"start":{"line":61,"column":48},"end":{"line":69,"column":9}},"line":61},"7":{"name":"(anonymous_7)","decl":{"start":{"line":65,"column":37},"end":{"line":65,"column":38}},"loc":{"start":{"line":65,"column":51},"end":{"line":67,"column":17}},"line":65}},"branchMap":{"0":{"loc":{"start":{"line":29,"column":11},"end":{"line":29,"column":76}},"type":"cond-expr","locations":[{"start":{"line":29,"column":35},"end":{"line":29,"column":56}},{"start":{"line":29,"column":59},"end":{"line":29,"column":76}}],"line":29},"1":{"loc":{"start":{"line":40,"column":4},"end":{"line":43,"column":5}},"type":"if","locations":[{"start":{"line":40,"column":4},"end":{"line":43,"column":5}},{"start":{"line":40,"column":4},"end":{"line":43,"column":5}}],"line":40},"2":{"loc":{"start":{"line":51,"column":18},"end":{"line":51,"column":54}},"type":"cond-expr","locations":[{"start":{"line":51,"column":34},"end":{"line":51,"column":49}},{"start":{"line":51,"column":52},"end":{"line":51,"column":54}}],"line":51},"3":{"loc":{"start":{"line":60,"column":11},"end":{"line":60,"column":47}},"type":"default-arg","locations":[{"start":{"line":60,"column":23},"end":{"line":60,"column":47}}],"line":60},"4":{"loc":{"start":{"line":62,"column":12},"end":{"line":68,"column":13}},"type":"if","locations":[{"start":{"line":62,"column":12},"end":{"line":68,"column":13}},{"start":{"line":62,"column":12},"end":{"line":68,"column":13}}],"line":62},"5":{"loc":{"start":{"line":62,"column":15},"end":{"line":62,"column":42}},"type":"binary-expr","locations":[{"start":{"line":62,"column":15},"end":{"line":62,"column":25}},{"start":{"line":62,"column":29},"end":{"line":62,"column":42}}],"line":62}},"s":{"0":1,"1":1,"2":1,"3":1,"4":1,"5":1,"6":5,"7":1,"8":4,"9":3,"10":3,"11":4,"12":4,"13":2,"14":2,"15":1,"16":1,"17":1},"f":{"0":1,"1":1,"2":1,"3":5,"4":4,"5":2,"6":2,"7":1},"b":{"0":[1,4],"1":[3,1],"2":[1,3],"3":[1],"4":[1,1],"5":[2,2]},"_coverageSchema":"43e27e138ebf9cfc5966b082cf9a028302ed4184","hash":"7e29f6fb926eeb9994928076b5ccbad64d9e1eef"}
,"/Users/rebeccahu/Desktop/budgetApp/app/utils/generateDefaults/generateDefaults.js": {"path":"/Users/rebeccahu/Desktop/budgetApp/app/utils/generateDefaults/generateDefaults.js","statementMap":{"0":{"start":{"line":2,"column":21},"end":{"line":2,"column":66}},"1":{"start":{"line":9,"column":4},"end":{"line":15,"column":5}},"2":{"start":{"line":10,"column":25},"end":{"line":10,"column":56}},"3":{"start":{"line":11,"column":22},"end":{"line":11,"column":94}},"4":{"start":{"line":12,"column":8},"end":{"line":14,"column":10}},"5":{"start":{"line":23,"column":4},"end":{"line":29,"column":5}},"6":{"start":{"line":24,"column":25},"end":{"line":24,"column":61}},"7":{"start":{"line":25,"column":22},"end":{"line":25,"column":94}},"8":{"start":{"line":26,"column":8},"end":{"line":28,"column":10}},"9":{"start":{"line":31,"column":4},"end":{"line":37,"column":5}},"10":{"start":{"line":32,"column":25},"end":{"line":32,"column":61}},"11":{"start":{"line":33,"column":22},"end":{"line":33,"column":71}},"12":{"start":{"line":34,"column":8},"end":{"line":36,"column":10}},"13":{"start":{"line":39,"column":19},"end":{"line":39,"column":21}},"14":{"start":{"line":40,"column":19},"end":{"line":40,"column":21}},"15":{"start":{"line":42,"column":17},"end":{"line":42,"column":22}},"16":{"start":{"line":45,"column":4},"end":{"line":56,"column":7}},"17":{"start":{"line":46,"column":8},"end":{"line":49,"column":9}},"18":{"start":{"line":47,"column":12},"end":{"line":47,"column":26}},"19":{"start":{"line":48,"column":12},"end":{"line":48,"column":25}},"20":{"start":{"line":50,"column":8},"end":{"line":52,"column":9}},"21":{"start":{"line":51,"column":12},"end":{"line":51,"column":52}},"22":{"start":{"line":53,"column":8},"end":{"line":55,"column":9}},"23":{"start":{"line":54,"column":12},"end":{"line":54,"column":39}},"24":{"start":{"line":58,"column":4},"end":{"line":62,"column":5}},"25":{"start":{"line":59,"column":8},"end":{"line":61,"column":9}},"26":{"start":{"line":64,"column":4},"end":{"line":67,"column":5}}},"fnMap":{"0":{"name":"checkKeyHasKey","decl":{"start":{"line":8,"column":9},"end":{"line":8,"column":23}},"loc":{"start":{"line":8,"column":32},"end":{"line":16,"column":1}},"line":8},"1":{"name":"(anonymous_1)","decl":{"start":{"line":22,"column":15},"end":{"line":22,"column":16}},"loc":{"start":{"line":22,"column":28},"end":{"line":68,"column":1}},"line":22},"2":{"name":"(anonymous_2)","decl":{"start":{"line":45,"column":21},"end":{"line":45,"column":22}},"loc":{"start":{"line":45,"column":34},"end":{"line":56,"column":5}},"line":45}},"branchMap":{"0":{"loc":{"start":{"line":9,"column":4},"end":{"line":15,"column":5}},"type":"if","locations":[{"start":{"line":9,"column":4},"end":{"line":15,"column":5}},{"start":{"line":9,"column":4},"end":{"line":15,"column":5}}],"line":9},"1":{"loc":{"start":{"line":23,"column":4},"end":{"line":29,"column":5}},"type":"if","locations":[{"start":{"line":23,"column":4},"end":{"line":29,"column":5}},{"start":{"line":23,"column":4},"end":{"line":29,"column":5}}],"line":23},"2":{"loc":{"start":{"line":31,"column":4},"end":{"line":37,"column":5}},"type":"if","locations":[{"start":{"line":31,"column":4},"end":{"line":37,"column":5}},{"start":{"line":31,"column":4},"end":{"line":37,"column":5}}],"line":31},"3":{"loc":{"start":{"line":46,"column":8},"end":{"line":49,"column":9}},"type":"if","locations":[{"start":{"line":46,"column":8},"end":{"line":49,"column":9}},{"start":{"line":46,"column":8},"end":{"line":49,"column":9}}],"line":46},"4":{"loc":{"start":{"line":50,"column":8},"end":{"line":52,"column":9}},"type":"if","locations":[{"start":{"line":50,"column":8},"end":{"line":52,"column":9}},{"start":{"line":50,"column":8},"end":{"line":52,"column":9}}],"line":50},"5":{"loc":{"start":{"line":53,"column":8},"end":{"line":55,"column":9}},"type":"if","locations":[{"start":{"line":53,"column":8},"end":{"line":55,"column":9}},{"start":{"line":53,"column":8},"end":{"line":55,"column":9}}],"line":53},"6":{"loc":{"start":{"line":58,"column":4},"end":{"line":62,"column":5}},"type":"if","locations":[{"start":{"line":58,"column":4},"end":{"line":62,"column":5}},{"start":{"line":58,"column":4},"end":{"line":62,"column":5}}],"line":58}},"s":{"0":10,"1":71,"2":1,"3":1,"4":1,"5":14,"6":1,"7":1,"8":1,"9":13,"10":1,"11":1,"12":1,"13":12,"14":12,"15":12,"16":12,"17":71,"18":1,"19":1,"20":71,"21":59,"22":71,"23":12,"24":12,"25":1,"26":11},"f":{"0":71,"1":14,"2":71},"b":{"0":[1,70],"1":[1,13],"2":[1,12],"3":[1,70],"4":[59,12],"5":[12,59],"6":[1,11]},"_coverageSchema":"43e27e138ebf9cfc5966b082cf9a028302ed4184","hash":"f58463b0b8cceebe45c4bcad89be994d624cdf93"}
,"/Users/rebeccahu/Desktop/budgetApp/app/utils/getData/getData.js": {"path":"/Users/rebeccahu/Desktop/budgetApp/app/utils/getData/getData.js","statementMap":{"0":{"start":{"line":12,"column":7},"end":{"line":27,"column":9}},"1":{"start":{"line":18,"column":25},"end":{"line":20,"column":13}},"2":{"start":{"line":21,"column":12},"end":{"line":26,"column":13}},"3":{"start":{"line":22,"column":16},"end":{"line":22,"column":30}},"4":{"start":{"line":24,"column":30},"end":{"line":24,"column":94}},"5":{"start":{"line":25,"column":16},"end":{"line":25,"column":32}}},"fnMap":{"0":{"name":"loadStateData","decl":{"start":{"line":8,"column":25},"end":{"line":8,"column":38}},"loc":{"start":{"line":8,"column":42},"end":{"line":28,"column":5}},"line":8},"1":{"name":"(anonymous_1)","decl":{"start":{"line":12,"column":26},"end":{"line":12,"column":27}},"loc":{"start":{"line":12,"column":47},"end":{"line":27,"column":7}},"line":12}},"branchMap":{"0":{"loc":{"start":{"line":21,"column":12},"end":{"line":26,"column":13}},"type":"if","locations":[{"start":{"line":21,"column":12},"end":{"line":26,"column":13}},{"start":{"line":21,"column":12},"end":{"line":26,"column":13}}],"line":21}},"s":{"0":5,"1":5,"2":5,"3":3,"4":2,"5":2},"f":{"0":5,"1":5},"b":{"0":[3,2]},"_coverageSchema":"43e27e138ebf9cfc5966b082cf9a028302ed4184","hash":"5807da5e9d83ea3b9ff0b2e1d1ab7644dcfb1caf"}
,"/Users/rebeccahu/Desktop/budgetApp/app/utils/i18next/i18next.js": {"path":"/Users/rebeccahu/Desktop/budgetApp/app/utils/i18next/i18next.js","statementMap":{"0":{"start":{"line":6,"column":0},"end":{"line":151,"column":5}}},"fnMap":{},"branchMap":{},"s":{"0":15},"f":{},"b":{},"_coverageSchema":"43e27e138ebf9cfc5966b082cf9a028302ed4184","hash":"9964b1a4dd44a88ce34ca4ab9dce29ab0fa5dde8"}
,"/Users/rebeccahu/Desktop/budgetApp/app/utils/processData/processData.js": {"path":"/Users/rebeccahu/Desktop/budgetApp/app/utils/processData/processData.js","statementMap":{"0":{"start":{"line":15,"column":25},"end":{"line":15,"column":27}},"1":{"start":{"line":16,"column":8},"end":{"line":16,"column":27}},"2":{"start":{"line":17,"column":8},"end":{"line":38,"column":9}},"3":{"start":{"line":18,"column":25},"end":{"line":18,"column":27}},"4":{"start":{"line":19,"column":12},"end":{"line":30,"column":15}},"5":{"start":{"line":21,"column":16},"end":{"line":29,"column":17}},"6":{"start":{"line":22,"column":20},"end":{"line":22,"column":51}},"7":{"start":{"line":23,"column":20},"end":{"line":25,"column":21}},"8":{"start":{"line":24,"column":24},"end":{"line":24,"column":52}},"9":{"start":{"line":26,"column":20},"end":{"line":26,"column":49}},"10":{"start":{"line":28,"column":20},"end":{"line":28,"column":39}},"11":{"start":{"line":31,"column":12},"end":{"line":33,"column":13}},"12":{"start":{"line":32,"column":16},"end":{"line":32,"column":40}},"13":{"start":{"line":34,"column":12},"end":{"line":34,"column":30}},"14":{"start":{"line":36,"column":12},"end":{"line":36,"column":81}},"15":{"start":{"line":37,"column":12},"end":{"line":37,"column":30}}},"fnMap":{"0":{"name":"convertDataToClasses","decl":{"start":{"line":14,"column":22},"end":{"line":14,"column":42}},"loc":{"start":{"line":14,"column":101},"end":{"line":39,"column":5}},"line":14},"1":{"name":"(anonymous_1)","decl":{"start":{"line":19,"column":25},"end":{"line":19,"column":26}},"loc":{"start":{"line":19,"column":33},"end":{"line":30,"column":13}},"line":19}},"branchMap":{"0":{"loc":{"start":{"line":17,"column":8},"end":{"line":38,"column":9}},"type":"if","locations":[{"start":{"line":17,"column":8},"end":{"line":38,"column":9}},{"start":{"line":17,"column":8},"end":{"line":38,"column":9}}],"line":17},"1":{"loc":{"start":{"line":17,"column":11},"end":{"line":17,"column":34}},"type":"binary-expr","locations":[{"start":{"line":17,"column":11},"end":{"line":17,"column":15}},{"start":{"line":17,"column":19},"end":{"line":17,"column":34}}],"line":17},"2":{"loc":{"start":{"line":23,"column":20},"end":{"line":25,"column":21}},"type":"if","locations":[{"start":{"line":23,"column":20},"end":{"line":25,"column":21}},{"start":{"line":23,"column":20},"end":{"line":25,"column":21}}],"line":23},"3":{"loc":{"start":{"line":31,"column":12},"end":{"line":33,"column":13}},"type":"if","locations":[{"start":{"line":31,"column":12},"end":{"line":33,"column":13}},{"start":{"line":31,"column":12},"end":{"line":33,"column":13}}],"line":31}},"s":{"0":7,"1":7,"2":7,"3":3,"4":3,"5":4,"6":4,"7":3,"8":2,"9":3,"10":1,"11":3,"12":1,"13":3,"14":4,"15":4},"f":{"0":7,"1":4},"b":{"0":[3,4],"1":[7,6],"2":[2,1],"3":[1,2]},"_coverageSchema":"43e27e138ebf9cfc5966b082cf9a028302ed4184","hash":"a70331e4def637354d61cd23c508da0ef7bfdf60"}
,"/Users/rebeccahu/Desktop/budgetApp/app/utils/stateHandler/stateHandler.js": {"path":"/Users/rebeccahu/Desktop/budgetApp/app/utils/stateHandler/stateHandler.js","statementMap":{"0":{"start":{"line":5,"column":16},"end":{"line":5,"column":23}},"1":{"start":{"line":12,"column":16},"end":{"line":17,"column":1}},"2":{"start":{"line":13,"column":4},"end":{"line":15,"column":5}},"3":{"start":{"line":14,"column":8},"end":{"line":14,"column":41}},"4":{"start":{"line":16,"column":4},"end":{"line":16,"column":20}},"5":{"start":{"line":25,"column":8},"end":{"line":30,"column":10}},"6":{"start":{"line":26,"column":12},"end":{"line":29,"column":29}},"7":{"start":{"line":27,"column":34},"end":{"line":27,"column":65}},"8":{"start":{"line":28,"column":16},"end":{"line":28,"column":110}}},"fnMap":{"0":{"name":"processDataItemFunction","decl":{"start":{"line":12,"column":25},"end":{"line":12,"column":48}},"loc":{"start":{"line":12,"column":65},"end":{"line":17,"column":1}},"line":12},"1":{"name":"initStateHandler","decl":{"start":{"line":24,"column":19},"end":{"line":24,"column":35}},"loc":{"start":{"line":24,"column":39},"end":{"line":31,"column":5}},"line":24},"2":{"name":"(anonymous_2)","decl":{"start":{"line":25,"column":27},"end":{"line":25,"column":28}},"loc":{"start":{"line":25,"column":53},"end":{"line":30,"column":8}},"line":25},"3":{"name":"(anonymous_3)","decl":{"start":{"line":26,"column":40},"end":{"line":26,"column":41}},"loc":{"start":{"line":26,"column":48},"end":{"line":29,"column":13}},"line":26}},"branchMap":{"0":{"loc":{"start":{"line":13,"column":4},"end":{"line":15,"column":5}},"type":"if","locations":[{"start":{"line":13,"column":4},"end":{"line":15,"column":5}},{"start":{"line":13,"column":4},"end":{"line":15,"column":5}}],"line":13}},"s":{"0":3,"1":3,"2":2,"3":1,"4":2,"5":4,"6":4,"7":3,"8":3},"f":{"0":2,"1":4,"2":4,"3":3},"b":{"0":[1,1]},"_coverageSchema":"43e27e138ebf9cfc5966b082cf9a028302ed4184","hash":"1d0641c1280ebb01c8c85025291e9fda487b2ab9"}
,"/Users/rebeccahu/Desktop/budgetApp/app/utils/submitData/submitData.js": {"path":"/Users/rebeccahu/Desktop/budgetApp/app/utils/submitData/submitData.js","statementMap":{"0":{"start":{"line":12,"column":30},"end":{"line":15,"column":51}},"1":{"start":{"line":17,"column":8},"end":{"line":19,"column":9}},"2":{"start":{"line":18,"column":12},"end":{"line":18,"column":36}},"3":{"start":{"line":21,"column":8},"end":{"line":25,"column":9}},"4":{"start":{"line":22,"column":12},"end":{"line":24,"column":13}},"5":{"start":{"line":29,"column":8},"end":{"line":34,"column":9}},"6":{"start":{"line":30,"column":26},"end":{"line":30,"column":68}},"7":{"start":{"line":31,"column":12},"end":{"line":31,"column":27}},"8":{"start":{"line":33,"column":12},"end":{"line":33,"column":21}}},"fnMap":{"0":{"name":"(anonymous_0)","decl":{"start":{"line":10,"column":12},"end":{"line":10,"column":13}},"loc":{"start":{"line":10,"column":25},"end":{"line":35,"column":5}},"line":10}},"branchMap":{"0":{"loc":{"start":{"line":13,"column":20},"end":{"line":13,"column":49}},"type":"cond-expr","locations":[{"start":{"line":13,"column":30},"end":{"line":13,"column":37}},{"start":{"line":13,"column":40},"end":{"line":13,"column":49}}],"line":13},"1":{"loc":{"start":{"line":17,"column":8},"end":{"line":19,"column":9}},"type":"if","locations":[{"start":{"line":17,"column":8},"end":{"line":19,"column":9}},{"start":{"line":17,"column":8},"end":{"line":19,"column":9}}],"line":17},"2":{"loc":{"start":{"line":21,"column":8},"end":{"line":25,"column":9}},"type":"if","locations":[{"start":{"line":21,"column":8},"end":{"line":25,"column":9}},{"start":{"line":21,"column":8},"end":{"line":25,"column":9}}],"line":21}},"s":{"0":4,"1":4,"2":1,"3":3,"4":1,"5":2,"6":2,"7":1,"8":1},"f":{"0":4},"b":{"0":[3,1],"1":[1,3],"2":[1,2]},"_coverageSchema":"43e27e138ebf9cfc5966b082cf9a028302ed4184","hash":"1e80e92d9e5e9343784cbc8d2dabcdc9d795f8fc"}
,"/Users/rebeccahu/Desktop/budgetApp/app/utils/validateData/validateData.js": {"path":"/Users/rebeccahu/Desktop/budgetApp/app/utils/validateData/validateData.js","statementMap":{"0":{"start":{"line":9,"column":8},"end":{"line":16,"column":9}},"1":{"start":{"line":10,"column":33},"end":{"line":10,"column":74}},"2":{"start":{"line":11,"column":29},"end":{"line":11,"column":63}},"3":{"start":{"line":12,"column":26},"end":{"line":12,"column":98}},"4":{"start":{"line":13,"column":12},"end":{"line":15,"column":14}},"5":{"start":{"line":17,"column":29},"end":{"line":17,"column":44}},"6":{"start":{"line":18,"column":23},"end":{"line":18,"column":36}},"7":{"start":{"line":19,"column":8},"end":{"line":53,"column":9}},"8":{"start":{"line":20,"column":31},"end":{"line":20,"column":63}},"9":{"start":{"line":21,"column":30},"end":{"line":21,"column":56}},"10":{"start":{"line":22,"column":12},"end":{"line":52,"column":13}},"11":{"start":{"line":23,"column":27},"end":{"line":23,"column":29}},"12":{"start":{"line":24,"column":16},"end":{"line":26,"column":17}},"13":{"start":{"line":25,"column":20},"end":{"line":25,"column":68}},"14":{"start":{"line":27,"column":16},"end":{"line":29,"column":17}},"15":{"start":{"line":28,"column":20},"end":{"line":28,"column":66}},"16":{"start":{"line":30,"column":16},"end":{"line":30,"column":38}},"17":{"start":{"line":31,"column":30},"end":{"line":31,"column":70}},"18":{"start":{"line":32,"column":16},"end":{"line":34,"column":18}},"19":{"start":{"line":36,"column":29},"end":{"line":36,"column":34}},"20":{"start":{"line":37,"column":31},"end":{"line":37,"column":33}},"21":{"start":{"line":38,"column":16},"end":{"line":43,"column":19}},"22":{"start":{"line":39,"column":20},"end":{"line":42,"column":21}},"23":{"start":{"line":40,"column":24},"end":{"line":40,"column":38}},"24":{"start":{"line":41,"column":24},"end":{"line":41,"column":51}},"25":{"start":{"line":44,"column":16},"end":{"line":51,"column":17}},"26":{"start":{"line":45,"column":41},"end":{"line":45,"column":92}},"27":{"start":{"line":46,"column":34},"end":{"line":46,"column":128}},"28":{"start":{"line":47,"column":20},"end":{"line":50,"column":21}},"29":{"start":{"line":54,"column":4},"end":{"line":54,"column":11}}},"fnMap":{"0":{"name":"(anonymous_0)","decl":{"start":{"line":8,"column":15},"end":{"line":8,"column":16}},"loc":{"start":{"line":8,"column":38},"end":{"line":55,"column":1}},"line":8},"1":{"name":"(anonymous_1)","decl":{"start":{"line":38,"column":37},"end":{"line":38,"column":38}},"loc":{"start":{"line":38,"column":52},"end":{"line":43,"column":17}},"line":38}},"branchMap":{"0":{"loc":{"start":{"line":9,"column":8},"end":{"line":16,"column":9}},"type":"if","locations":[{"start":{"line":9,"column":8},"end":{"line":16,"column":9}},{"start":{"line":9,"column":8},"end":{"line":16,"column":9}}],"line":9},"1":{"loc":{"start":{"line":19,"column":8},"end":{"line":53,"column":9}},"type":"if","locations":[{"start":{"line":19,"column":8},"end":{"line":53,"column":9}},{"start":{"line":19,"column":8},"end":{"line":53,"column":9}}],"line":19},"2":{"loc":{"start":{"line":22,"column":12},"end":{"line":52,"column":13}},"type":"if","locations":[{"start":{"line":22,"column":12},"end":{"line":52,"column":13}},{"start":{"line":22,"column":12},"end":{"line":52,"column":13}}],"line":22},"3":{"loc":{"start":{"line":22,"column":15},"end":{"line":22,"column":42}},"type":"binary-expr","locations":[{"start":{"line":22,"column":15},"end":{"line":22,"column":27}},{"start":{"line":22,"column":31},"end":{"line":22,"column":42}}],"line":22},"4":{"loc":{"start":{"line":24,"column":16},"end":{"line":26,"column":17}},"type":"if","locations":[{"start":{"line":24,"column":16},"end":{"line":26,"column":17}},{"start":{"line":24,"column":16},"end":{"line":26,"column":17}}],"line":24},"5":{"loc":{"start":{"line":27,"column":16},"end":{"line":29,"column":17}},"type":"if","locations":[{"start":{"line":27,"column":16},"end":{"line":29,"column":17}},{"start":{"line":27,"column":16},"end":{"line":29,"column":17}}],"line":27},"6":{"loc":{"start":{"line":39,"column":20},"end":{"line":42,"column":21}},"type":"if","locations":[{"start":{"line":39,"column":20},"end":{"line":42,"column":21}},{"start":{"line":39,"column":20},"end":{"line":42,"column":21}}],"line":39},"7":{"loc":{"start":{"line":44,"column":16},"end":{"line":51,"column":17}},"type":"if","locations":[{"start":{"line":44,"column":16},"end":{"line":51,"column":17}},{"start":{"line":44,"column":16},"end":{"line":51,"column":17}}],"line":44}},"s":{"0":72,"1":1,"2":1,"3":1,"4":1,"5":71,"6":71,"7":71,"8":21,"9":21,"10":21,"11":2,"12":2,"13":1,"14":2,"15":1,"16":2,"17":2,"18":2,"19":19,"20":19,"21":19,"22":22,"23":4,"24":4,"25":19,"26":4,"27":4,"28":4,"29":65},"f":{"0":72,"1":22},"b":{"0":[1,71],"1":[21,50],"2":[2,19],"3":[21,20],"4":[1,1],"5":[1,1],"6":[4,18],"7":[4,15]},"_coverageSchema":"43e27e138ebf9cfc5966b082cf9a028302ed4184","hash":"b4ea34532946710ec5be883861fdae0c8e031cdb"}
,"/Users/rebeccahu/Desktop/budgetApp/app/utils/validateData/validateData.samples.js": {"path":"/Users/rebeccahu/Desktop/budgetApp/app/utils/validateData/validateData.samples.js","statementMap":{},"fnMap":{},"branchMap":{},"s":{},"f":{},"b":{},"_coverageSchema":"43e27e138ebf9cfc5966b082cf9a028302ed4184","hash":"d786fcd0eda99a310e7d06ca4aad718fb73c782f"}
,"/Users/rebeccahu/Desktop/budgetApp/app/vendor/js/index.js": {"path":"/Users/rebeccahu/Desktop/budgetApp/app/vendor/js/index.js","statementMap":{},"fnMap":{},"branchMap":{},"s":{},"f":{},"b":{}}
}
