{"/Users/rebeccahu/Desktop/budgetApp/app/classes/classes.js": {"path":"/Users/rebeccahu/Desktop/budgetApp/app/classes/classes.js","statementMap":{},"fnMap":{},"branchMap":{},"s":{},"f":{},"b":{},"_coverageSchema":"43e27e138ebf9cfc5966b082cf9a028302ed4184","hash":"7a521f12853b4e284e44211e6c68982f3cf2e31e"}
,"/Users/rebeccahu/Desktop/budgetApp/app/classes/item.js": {"path":"/Users/rebeccahu/Desktop/budgetApp/app/classes/item.js","statementMap":{"0":{"start":{"line":10,"column":21},"end":{"line":10,"column":45}},"1":{"start":{"line":12,"column":33},"end":{"line":12,"column":88}},"2":{"start":{"line":13,"column":8},"end":{"line":15,"column":9}},"3":{"start":{"line":14,"column":12},"end":{"line":14,"column":35}},"4":{"start":{"line":20,"column":8},"end":{"line":22,"column":9}},"5":{"start":{"line":21,"column":12},"end":{"line":21,"column":32}},"6":{"start":{"line":28,"column":8},"end":{"line":30,"column":9}},"7":{"start":{"line":29,"column":12},"end":{"line":29,"column":40}}},"fnMap":{"0":{"name":"(anonymous_0)","decl":{"start":{"line":8,"column":4},"end":{"line":8,"column":5}},"loc":{"start":{"line":8,"column":43},"end":{"line":31,"column":5}},"line":8},"1":{"name":"(anonymous_1)","decl":{"start":{"line":20,"column":19},"end":{"line":20,"column":20}},"loc":{"start":{"line":20,"column":28},"end":{"line":22,"column":9}},"line":20},"2":{"name":"(anonymous_2)","decl":{"start":{"line":28,"column":19},"end":{"line":28,"column":20}},"loc":{"start":{"line":28,"column":35},"end":{"line":30,"column":9}},"line":28}},"branchMap":{"0":{"loc":{"start":{"line":13,"column":8},"end":{"line":15,"column":9}},"type":"if","locations":[{"start":{"line":13,"column":8},"end":{"line":15,"column":9}},{"start":{"line":13,"column":8},"end":{"line":15,"column":9}}],"line":13},"1":{"loc":{"start":{"line":13,"column":11},"end":{"line":13,"column":53}},"type":"binary-expr","locations":[{"start":{"line":13,"column":11},"end":{"line":13,"column":27}},{"start":{"line":13,"column":31},"end":{"line":13,"column":53}}],"line":13}},"s":{"0":33,"1":33,"2":33,"3":3,"4":30,"5":592,"6":30,"7":167},"f":{"0":33,"1":592,"2":167},"b":{"0":[3,30],"1":[33,3]},"_coverageSchema":"43e27e138ebf9cfc5966b082cf9a028302ed4184","hash":"032ab7bcc525583c1f2bd9a577b5ad124e6e9189"}
,"/Users/rebeccahu/Desktop/budgetApp/app/classes/account/account.js": {"path":"/Users/rebeccahu/Desktop/budgetApp/app/classes/account/account.js","statementMap":{"0":{"start":{"line":3,"column":29},"end":{"line":3,"column":33}},"1":{"start":{"line":11,"column":4},"end":{"line":11,"column":37}}},"fnMap":{"0":{"name":"(anonymous_0)","decl":{"start":{"line":10,"column":2},"end":{"line":10,"column":3}},"loc":{"start":{"line":10,"column":21},"end":{"line":12,"column":3}},"line":10}},"branchMap":{},"s":{"0":3,"1":6},"f":{"0":6},"b":{},"_coverageSchema":"43e27e138ebf9cfc5966b082cf9a028302ed4184","hash":"f436c7cfd5f49ad0186c2f9df9a0ce5f0147a89d"}
,"/Users/rebeccahu/Desktop/budgetApp/app/classes/account/account.samples.js": {"path":"/Users/rebeccahu/Desktop/budgetApp/app/classes/account/account.samples.js","statementMap":{},"fnMap":{},"branchMap":{},"s":{},"f":{},"b":{},"_coverageSchema":"43e27e138ebf9cfc5966b082cf9a028302ed4184","hash":"bd39114ca1618d9ce539dc6454232b5be5e34393"}
,"/Users/rebeccahu/Desktop/budgetApp/app/classes/bill/bill.js": {"path":"/Users/rebeccahu/Desktop/budgetApp/app/classes/bill/bill.js","statementMap":{"0":{"start":{"line":3,"column":29},"end":{"line":3,"column":33}},"1":{"start":{"line":11,"column":8},"end":{"line":11,"column":41}},"2":{"start":{"line":12,"column":8},"end":{"line":12,"column":47}},"3":{"start":{"line":13,"column":25},"end":{"line":13,"column":34}},"4":{"start":{"line":14,"column":29},"end":{"line":19,"column":9}},"5":{"start":{"line":21,"column":31},"end":{"line":25,"column":9}},"6":{"start":{"line":27,"column":31},"end":{"line":30,"column":9}},"7":{"start":{"line":32,"column":8},"end":{"line":32,"column":29}},"8":{"start":{"line":39,"column":8},"end":{"line":50,"column":10}},"9":{"start":{"line":40,"column":12},"end":{"line":42,"column":13}},"10":{"start":{"line":41,"column":16},"end":{"line":41,"column":36}},"11":{"start":{"line":43,"column":12},"end":{"line":43,"column":35}},"12":{"start":{"line":44,"column":12},"end":{"line":48,"column":13}},"13":{"start":{"line":45,"column":36},"end":{"line":45,"column":71}},"14":{"start":{"line":46,"column":36},"end":{"line":46,"column":71}},"15":{"start":{"line":47,"column":16},"end":{"line":47,"column":60}},"16":{"start":{"line":49,"column":12},"end":{"line":49,"column":34}},"17":{"start":{"line":56,"column":8},"end":{"line":97,"column":9}},"18":{"start":{"line":57,"column":26},"end":{"line":57,"column":45}},"19":{"start":{"line":58,"column":28},"end":{"line":58,"column":47}},"20":{"start":{"line":59,"column":24},"end":{"line":59,"column":39}},"21":{"start":{"line":61,"column":12},"end":{"line":66,"column":13}},"22":{"start":{"line":62,"column":16},"end":{"line":65,"column":18}},"23":{"start":{"line":68,"column":20},"end":{"line":68,"column":21}},"24":{"start":{"line":69,"column":31},"end":{"line":69,"column":49}},"25":{"start":{"line":71,"column":31},"end":{"line":71,"column":33}},"26":{"start":{"line":73,"column":33},"end":{"line":73,"column":60}},"27":{"start":{"line":75,"column":12},"end":{"line":92,"column":13}},"28":{"start":{"line":76,"column":16},"end":{"line":76,"column":39}},"29":{"start":{"line":77,"column":16},"end":{"line":77,"column":54}},"30":{"start":{"line":78,"column":32},"end":{"line":78,"column":54}},"31":{"start":{"line":79,"column":16},"end":{"line":83,"column":17}},"32":{"start":{"line":80,"column":20},"end":{"line":80,"column":44}},"33":{"start":{"line":82,"column":20},"end":{"line":82,"column":55}},"34":{"start":{"line":84,"column":16},"end":{"line":90,"column":19}},"35":{"start":{"line":91,"column":16},"end":{"line":91,"column":20}},"36":{"start":{"line":93,"column":12},"end":{"line":96,"column":14}},"37":{"start":{"line":102,"column":8},"end":{"line":110,"column":9}},"38":{"start":{"line":103,"column":28},"end":{"line":103,"column":47}},"39":{"start":{"line":104,"column":12},"end":{"line":108,"column":13}},"40":{"start":{"line":105,"column":29},"end":{"line":105,"column":60}},"41":{"start":{"line":106,"column":16},"end":{"line":106,"column":52}},"42":{"start":{"line":107,"column":16},"end":{"line":107,"column":60}},"43":{"start":{"line":109,"column":12},"end":{"line":109,"column":39}},"44":{"start":{"line":115,"column":8},"end":{"line":118,"column":9}},"45":{"start":{"line":116,"column":24},"end":{"line":116,"column":39}},"46":{"start":{"line":117,"column":12},"end":{"line":117,"column":55}},"47":{"start":{"line":123,"column":8},"end":{"line":132,"column":9}},"48":{"start":{"line":124,"column":28},"end":{"line":124,"column":47}},"49":{"start":{"line":125,"column":28},"end":{"line":125,"column":47}},"50":{"start":{"line":126,"column":28},"end":{"line":126,"column":47}},"51":{"start":{"line":127,"column":30},"end":{"line":127,"column":60}},"52":{"start":{"line":128,"column":12},"end":{"line":130,"column":13}},"53":{"start":{"line":129,"column":16},"end":{"line":129,"column":61}},"54":{"start":{"line":131,"column":12},"end":{"line":131,"column":39}},"55":{"start":{"line":138,"column":8},"end":{"line":164,"column":9}},"56":{"start":{"line":140,"column":33},"end":{"line":140,"column":57}},"57":{"start":{"line":141,"column":32},"end":{"line":141,"column":55}},"58":{"start":{"line":142,"column":28},"end":{"line":142,"column":47}},"59":{"start":{"line":143,"column":28},"end":{"line":143,"column":47}},"60":{"start":{"line":144,"column":25},"end":{"line":144,"column":41}},"61":{"start":{"line":146,"column":12},"end":{"line":148,"column":13}},"62":{"start":{"line":147,"column":16},"end":{"line":147,"column":57}},"63":{"start":{"line":149,"column":29},"end":{"line":149,"column":64}},"64":{"start":{"line":150,"column":12},"end":{"line":150,"column":90}},"65":{"start":{"line":160,"column":12},"end":{"line":162,"column":13}},"66":{"start":{"line":161,"column":16},"end":{"line":161,"column":46}},"67":{"start":{"line":163,"column":12},"end":{"line":163,"column":43}},"68":{"start":{"line":171,"column":8},"end":{"line":182,"column":9}},"69":{"start":{"line":172,"column":12},"end":{"line":172,"column":41}},"70":{"start":{"line":173,"column":33},"end":{"line":173,"column":84}},"71":{"start":{"line":174,"column":28},"end":{"line":174,"column":80}},"72":{"start":{"line":175,"column":12},"end":{"line":180,"column":13}},"73":{"start":{"line":179,"column":16},"end":{"line":179,"column":45}},"74":{"start":{"line":181,"column":12},"end":{"line":181,"column":44}},"75":{"start":{"line":184,"column":8},"end":{"line":184,"column":32}}},"fnMap":{"0":{"name":"(anonymous_0)","decl":{"start":{"line":10,"column":4},"end":{"line":10,"column":5}},"loc":{"start":{"line":10,"column":23},"end":{"line":185,"column":5}},"line":10},"1":{"name":"(anonymous_1)","decl":{"start":{"line":39,"column":19},"end":{"line":39,"column":20}},"loc":{"start":{"line":39,"column":35},"end":{"line":50,"column":9}},"line":39},"2":{"name":"(anonymous_2)","decl":{"start":{"line":56,"column":40},"end":{"line":56,"column":41}},"loc":{"start":{"line":56,"column":46},"end":{"line":97,"column":9}},"line":56},"3":{"name":"(anonymous_3)","decl":{"start":{"line":102,"column":26},"end":{"line":102,"column":27}},"loc":{"start":{"line":102,"column":42},"end":{"line":110,"column":9}},"line":102},"4":{"name":"(anonymous_4)","decl":{"start":{"line":115,"column":31},"end":{"line":115,"column":32}},"loc":{"start":{"line":115,"column":37},"end":{"line":118,"column":9}},"line":115},"5":{"name":"(anonymous_5)","decl":{"start":{"line":123,"column":26},"end":{"line":123,"column":27}},"loc":{"start":{"line":123,"column":43},"end":{"line":132,"column":9}},"line":123},"6":{"name":"(anonymous_6)","decl":{"start":{"line":138,"column":31},"end":{"line":138,"column":32}},"loc":{"start":{"line":138,"column":37},"end":{"line":164,"column":9}},"line":138},"7":{"name":"(anonymous_7)","decl":{"start":{"line":171,"column":28},"end":{"line":171,"column":29}},"loc":{"start":{"line":171,"column":58},"end":{"line":182,"column":9}},"line":171}},"branchMap":{"0":{"loc":{"start":{"line":40,"column":12},"end":{"line":42,"column":13}},"type":"if","locations":[{"start":{"line":40,"column":12},"end":{"line":42,"column":13}},{"start":{"line":40,"column":12},"end":{"line":42,"column":13}}],"line":40},"1":{"loc":{"start":{"line":44,"column":12},"end":{"line":48,"column":13}},"type":"if","locations":[{"start":{"line":44,"column":12},"end":{"line":48,"column":13}},{"start":{"line":44,"column":12},"end":{"line":48,"column":13}}],"line":44},"2":{"loc":{"start":{"line":61,"column":12},"end":{"line":66,"column":13}},"type":"if","locations":[{"start":{"line":61,"column":12},"end":{"line":66,"column":13}},{"start":{"line":61,"column":12},"end":{"line":66,"column":13}}],"line":61},"3":{"loc":{"start":{"line":61,"column":15},"end":{"line":61,"column":39}},"type":"binary-expr","locations":[{"start":{"line":61,"column":15},"end":{"line":61,"column":27}},{"start":{"line":61,"column":31},"end":{"line":61,"column":39}}],"line":61},"4":{"loc":{"start":{"line":75,"column":19},"end":{"line":75,"column":41}},"type":"binary-expr","locations":[{"start":{"line":75,"column":19},"end":{"line":75,"column":30}},{"start":{"line":75,"column":34},"end":{"line":75,"column":41}}],"line":75},"5":{"loc":{"start":{"line":79,"column":16},"end":{"line":83,"column":17}},"type":"if","locations":[{"start":{"line":79,"column":16},"end":{"line":83,"column":17}},{"start":{"line":79,"column":16},"end":{"line":83,"column":17}}],"line":79},"6":{"loc":{"start":{"line":104,"column":12},"end":{"line":108,"column":13}},"type":"if","locations":[{"start":{"line":104,"column":12},"end":{"line":108,"column":13}},{"start":{"line":104,"column":12},"end":{"line":108,"column":13}}],"line":104},"7":{"loc":{"start":{"line":104,"column":15},"end":{"line":104,"column":46}},"type":"binary-expr","locations":[{"start":{"line":104,"column":15},"end":{"line":104,"column":31}},{"start":{"line":104,"column":35},"end":{"line":104,"column":46}}],"line":104},"8":{"loc":{"start":{"line":127,"column":30},"end":{"line":127,"column":60}},"type":"binary-expr","locations":[{"start":{"line":127,"column":30},"end":{"line":127,"column":37}},{"start":{"line":127,"column":41},"end":{"line":127,"column":48}},{"start":{"line":127,"column":52},"end":{"line":127,"column":60}}],"line":127},"9":{"loc":{"start":{"line":128,"column":12},"end":{"line":130,"column":13}},"type":"if","locations":[{"start":{"line":128,"column":12},"end":{"line":130,"column":13}},{"start":{"line":128,"column":12},"end":{"line":130,"column":13}}],"line":128},"10":{"loc":{"start":{"line":128,"column":15},"end":{"line":128,"column":39}},"type":"binary-expr","locations":[{"start":{"line":128,"column":15},"end":{"line":128,"column":24}},{"start":{"line":128,"column":28},"end":{"line":128,"column":39}}],"line":128},"11":{"loc":{"start":{"line":146,"column":12},"end":{"line":148,"column":13}},"type":"if","locations":[{"start":{"line":146,"column":12},"end":{"line":148,"column":13}},{"start":{"line":146,"column":12},"end":{"line":148,"column":13}}],"line":146},"12":{"loc":{"start":{"line":160,"column":12},"end":{"line":162,"column":13}},"type":"if","locations":[{"start":{"line":160,"column":12},"end":{"line":162,"column":13}},{"start":{"line":160,"column":12},"end":{"line":162,"column":13}}],"line":160},"13":{"loc":{"start":{"line":175,"column":12},"end":{"line":180,"column":13}},"type":"if","locations":[{"start":{"line":175,"column":12},"end":{"line":180,"column":13}},{"start":{"line":175,"column":12},"end":{"line":180,"column":13}}],"line":175},"14":{"loc":{"start":{"line":175,"column":15},"end":{"line":175,"column":40}},"type":"binary-expr","locations":[{"start":{"line":175,"column":15},"end":{"line":175,"column":23}},{"start":{"line":175,"column":27},"end":{"line":175,"column":40}}],"line":175}},"s":{"0":3,"1":14,"2":14,"3":14,"4":14,"5":14,"6":14,"7":14,"8":14,"9":16,"10":2,"11":16,"12":16,"13":14,"14":14,"15":14,"16":16,"17":14,"18":47,"19":47,"20":47,"21":47,"22":25,"23":22,"24":22,"25":22,"26":22,"27":22,"28":236,"29":236,"30":236,"31":236,"32":2,"33":234,"34":236,"35":236,"36":22,"37":14,"38":54,"39":54,"40":46,"41":46,"42":46,"43":54,"44":14,"45":28,"46":28,"47":14,"48":28,"49":28,"50":28,"51":28,"52":28,"53":6,"54":28,"55":14,"56":6,"57":6,"58":6,"59":6,"60":6,"61":6,"62":3,"63":3,"64":3,"65":3,"66":1,"67":3,"68":14,"69":28,"70":28,"71":28,"72":28,"73":26,"74":28,"75":14},"f":{"0":14,"1":16,"2":47,"3":54,"4":28,"5":28,"6":6,"7":28},"b":{"0":[2,14],"1":[14,2],"2":[25,22],"3":[47,28],"4":[258,236],"5":[2,234],"6":[46,8],"7":[54,29],"8":[28,15,14],"9":[6,22],"10":[28,26],"11":[3,3],"12":[1,2],"13":[26,2],"14":[28,6]},"_coverageSchema":"43e27e138ebf9cfc5966b082cf9a028302ed4184","hash":"5a7a73ded2f12fb0f36b813068caf51bf698f2ae"}
,"/Users/rebeccahu/Desktop/budgetApp/app/classes/bill/bill.samples.js": {"path":"/Users/rebeccahu/Desktop/budgetApp/app/classes/bill/bill.samples.js","statementMap":{},"fnMap":{},"branchMap":{},"s":{},"f":{},"b":{},"_coverageSchema":"43e27e138ebf9cfc5966b082cf9a028302ed4184","hash":"a24a37d10f3a54a83d312dac1fe4bb9923eb4dcb"}
,"/Users/rebeccahu/Desktop/budgetApp/app/classes/deposit/deposit.js": {"path":"/Users/rebeccahu/Desktop/budgetApp/app/classes/deposit/deposit.js","statementMap":{"0":{"start":{"line":4,"column":29},"end":{"line":4,"column":33}},"1":{"start":{"line":12,"column":8},"end":{"line":12,"column":41}},"2":{"start":{"line":13,"column":8},"end":{"line":13,"column":31}}},"fnMap":{"0":{"name":"(anonymous_0)","decl":{"start":{"line":11,"column":4},"end":{"line":11,"column":5}},"loc":{"start":{"line":11,"column":23},"end":{"line":14,"column":5}},"line":11}},"branchMap":{},"s":{"0":3,"1":11,"2":8},"f":{"0":11},"b":{},"_coverageSchema":"43e27e138ebf9cfc5966b082cf9a028302ed4184","hash":"256a0c3522ac9f8e0ee3156cf278b343373088c1"}
,"/Users/rebeccahu/Desktop/budgetApp/app/classes/deposit/deposit.options.js": {"path":"/Users/rebeccahu/Desktop/budgetApp/app/classes/deposit/deposit.options.js","statementMap":{"0":{"start":{"line":1,"column":21},"end":{"line":3,"column":1}},"1":{"start":{"line":4,"column":22},"end":{"line":4,"column":37}},"2":{"start":{"line":5,"column":22},"end":{"line":5,"column":98}},"3":{"start":{"line":6,"column":22},"end":{"line":13,"column":2}}},"fnMap":{},"branchMap":{},"s":{"0":3,"1":3,"2":3,"3":3},"f":{},"b":{},"_coverageSchema":"43e27e138ebf9cfc5966b082cf9a028302ed4184","hash":"0839906262e5e6fb9e415800c8a303f828cc318f"}
,"/Users/rebeccahu/Desktop/budgetApp/app/classes/deposit/deposit.samples.js": {"path":"/Users/rebeccahu/Desktop/budgetApp/app/classes/deposit/deposit.samples.js","statementMap":{"0":{"start":{"line":4,"column":17},"end":{"line":29,"column":1}},"1":{"start":{"line":31,"column":29},"end":{"line":31,"column":55}}},"fnMap":{},"branchMap":{},"s":{"0":4,"1":4},"f":{},"b":{},"_coverageSchema":"43e27e138ebf9cfc5966b082cf9a028302ed4184","hash":"cf89087682ebb74a06ac3b403932da669163a76c"}
,"/Users/rebeccahu/Desktop/budgetApp/app/classes/payment/payment.js": {"path":"/Users/rebeccahu/Desktop/budgetApp/app/classes/payment/payment.js","statementMap":{"0":{"start":{"line":3,"column":29},"end":{"line":3,"column":33}},"1":{"start":{"line":11,"column":8},"end":{"line":11,"column":41}}},"fnMap":{"0":{"name":"(anonymous_0)","decl":{"start":{"line":10,"column":4},"end":{"line":10,"column":5}},"loc":{"start":{"line":10,"column":23},"end":{"line":12,"column":5}},"line":10}},"branchMap":{},"s":{"0":3,"1":2},"f":{"0":2},"b":{},"_coverageSchema":"43e27e138ebf9cfc5966b082cf9a028302ed4184","hash":"c7551cede0ded0cb1a34b041ba3ff0038506360c"}
,"/Users/rebeccahu/Desktop/budgetApp/app/classes/payment/payment.samples.js": {"path":"/Users/rebeccahu/Desktop/budgetApp/app/classes/payment/payment.samples.js","statementMap":{},"fnMap":{},"branchMap":{},"s":{},"f":{},"b":{},"_coverageSchema":"43e27e138ebf9cfc5966b082cf9a028302ed4184","hash":"4994bc69313233d3232c873fa18ea54e228b75a3"}
,"/Users/rebeccahu/Desktop/budgetApp/app/utils/generateDefaults/generateDefaults.js": {"path":"/Users/rebeccahu/Desktop/budgetApp/app/utils/generateDefaults/generateDefaults.js","statementMap":{"0":{"start":{"line":8,"column":4},"end":{"line":15,"column":5}},"1":{"start":{"line":9,"column":25},"end":{"line":9,"column":57}},"2":{"start":{"line":10,"column":29},"end":{"line":10,"column":71}},"3":{"start":{"line":11,"column":22},"end":{"line":11,"column":87}},"4":{"start":{"line":12,"column":8},"end":{"line":14,"column":10}},"5":{"start":{"line":23,"column":4},"end":{"line":30,"column":5}},"6":{"start":{"line":24,"column":29},"end":{"line":24,"column":71}},"7":{"start":{"line":25,"column":25},"end":{"line":25,"column":65}},"8":{"start":{"line":26,"column":22},"end":{"line":26,"column":87}},"9":{"start":{"line":27,"column":8},"end":{"line":29,"column":10}},"10":{"start":{"line":32,"column":4},"end":{"line":38,"column":5}},"11":{"start":{"line":33,"column":25},"end":{"line":33,"column":65}},"12":{"start":{"line":34,"column":22},"end":{"line":34,"column":64}},"13":{"start":{"line":35,"column":8},"end":{"line":37,"column":10}},"14":{"start":{"line":40,"column":19},"end":{"line":40,"column":21}},"15":{"start":{"line":41,"column":19},"end":{"line":41,"column":21}},"16":{"start":{"line":43,"column":17},"end":{"line":43,"column":22}},"17":{"start":{"line":46,"column":4},"end":{"line":57,"column":7}},"18":{"start":{"line":47,"column":8},"end":{"line":50,"column":9}},"19":{"start":{"line":48,"column":12},"end":{"line":48,"column":26}},"20":{"start":{"line":49,"column":12},"end":{"line":49,"column":25}},"21":{"start":{"line":51,"column":8},"end":{"line":53,"column":9}},"22":{"start":{"line":52,"column":12},"end":{"line":52,"column":52}},"23":{"start":{"line":54,"column":8},"end":{"line":56,"column":9}},"24":{"start":{"line":55,"column":12},"end":{"line":55,"column":39}},"25":{"start":{"line":59,"column":4},"end":{"line":63,"column":5}},"26":{"start":{"line":60,"column":8},"end":{"line":62,"column":9}},"27":{"start":{"line":65,"column":4},"end":{"line":68,"column":5}}},"fnMap":{"0":{"name":"checkKeyHasKey","decl":{"start":{"line":7,"column":9},"end":{"line":7,"column":23}},"loc":{"start":{"line":7,"column":32},"end":{"line":16,"column":1}},"line":7},"1":{"name":"(anonymous_1)","decl":{"start":{"line":22,"column":15},"end":{"line":22,"column":16}},"loc":{"start":{"line":22,"column":28},"end":{"line":69,"column":1}},"line":22},"2":{"name":"(anonymous_2)","decl":{"start":{"line":46,"column":21},"end":{"line":46,"column":22}},"loc":{"start":{"line":46,"column":34},"end":{"line":57,"column":5}},"line":46}},"branchMap":{"0":{"loc":{"start":{"line":8,"column":4},"end":{"line":15,"column":5}},"type":"if","locations":[{"start":{"line":8,"column":4},"end":{"line":15,"column":5}},{"start":{"line":8,"column":4},"end":{"line":15,"column":5}}],"line":8},"1":{"loc":{"start":{"line":23,"column":4},"end":{"line":30,"column":5}},"type":"if","locations":[{"start":{"line":23,"column":4},"end":{"line":30,"column":5}},{"start":{"line":23,"column":4},"end":{"line":30,"column":5}}],"line":23},"2":{"loc":{"start":{"line":32,"column":4},"end":{"line":38,"column":5}},"type":"if","locations":[{"start":{"line":32,"column":4},"end":{"line":38,"column":5}},{"start":{"line":32,"column":4},"end":{"line":38,"column":5}}],"line":32},"3":{"loc":{"start":{"line":47,"column":8},"end":{"line":50,"column":9}},"type":"if","locations":[{"start":{"line":47,"column":8},"end":{"line":50,"column":9}},{"start":{"line":47,"column":8},"end":{"line":50,"column":9}}],"line":47},"4":{"loc":{"start":{"line":51,"column":8},"end":{"line":53,"column":9}},"type":"if","locations":[{"start":{"line":51,"column":8},"end":{"line":53,"column":9}},{"start":{"line":51,"column":8},"end":{"line":53,"column":9}}],"line":51},"5":{"loc":{"start":{"line":54,"column":8},"end":{"line":56,"column":9}},"type":"if","locations":[{"start":{"line":54,"column":8},"end":{"line":56,"column":9}},{"start":{"line":54,"column":8},"end":{"line":56,"column":9}}],"line":54},"6":{"loc":{"start":{"line":59,"column":4},"end":{"line":63,"column":5}},"type":"if","locations":[{"start":{"line":59,"column":4},"end":{"line":63,"column":5}},{"start":{"line":59,"column":4},"end":{"line":63,"column":5}}],"line":59}},"s":{"0":35,"1":1,"2":1,"3":1,"4":1,"5":8,"6":1,"7":1,"8":1,"9":1,"10":7,"11":1,"12":1,"13":1,"14":6,"15":6,"16":6,"17":6,"18":35,"19":1,"20":1,"21":35,"22":11,"23":35,"24":6,"25":6,"26":1,"27":5},"f":{"0":35,"1":8,"2":35},"b":{"0":[1,34],"1":[1,7],"2":[1,6],"3":[1,34],"4":[11,24],"5":[6,29],"6":[1,5]},"_coverageSchema":"43e27e138ebf9cfc5966b082cf9a028302ed4184","hash":"29533ff9c97aa4ccad2a01e3de2f5317ccc48714"}
,"/Users/rebeccahu/Desktop/budgetApp/app/utils/i18next/i18next.js": {"path":"/Users/rebeccahu/Desktop/budgetApp/app/utils/i18next/i18next.js","statementMap":{"0":{"start":{"line":6,"column":0},"end":{"line":69,"column":5}}},"fnMap":{},"branchMap":{},"s":{"0":7},"f":{},"b":{},"_coverageSchema":"43e27e138ebf9cfc5966b082cf9a028302ed4184","hash":"74196a9dcd37c26f409e7466cf06190086d32f11"}
,"/Users/rebeccahu/Desktop/budgetApp/app/utils/submitData/submitData.js": {"path":"/Users/rebeccahu/Desktop/budgetApp/app/utils/submitData/submitData.js","statementMap":{"0":{"start":{"line":12,"column":30},"end":{"line":15,"column":48}},"1":{"start":{"line":17,"column":8},"end":{"line":19,"column":9}},"2":{"start":{"line":18,"column":12},"end":{"line":18,"column":36}},"3":{"start":{"line":21,"column":8},"end":{"line":25,"column":9}},"4":{"start":{"line":22,"column":12},"end":{"line":24,"column":13}},"5":{"start":{"line":28,"column":8},"end":{"line":33,"column":9}},"6":{"start":{"line":29,"column":26},"end":{"line":29,"column":68}},"7":{"start":{"line":30,"column":12},"end":{"line":30,"column":27}},"8":{"start":{"line":32,"column":12},"end":{"line":32,"column":21}}},"fnMap":{"0":{"name":"(anonymous_0)","decl":{"start":{"line":10,"column":12},"end":{"line":10,"column":13}},"loc":{"start":{"line":10,"column":25},"end":{"line":34,"column":5}},"line":10}},"branchMap":{"0":{"loc":{"start":{"line":13,"column":20},"end":{"line":13,"column":49}},"type":"cond-expr","locations":[{"start":{"line":13,"column":30},"end":{"line":13,"column":37}},{"start":{"line":13,"column":40},"end":{"line":13,"column":49}}],"line":13},"1":{"loc":{"start":{"line":17,"column":8},"end":{"line":19,"column":9}},"type":"if","locations":[{"start":{"line":17,"column":8},"end":{"line":19,"column":9}},{"start":{"line":17,"column":8},"end":{"line":19,"column":9}}],"line":17},"2":{"loc":{"start":{"line":21,"column":8},"end":{"line":25,"column":9}},"type":"if","locations":[{"start":{"line":21,"column":8},"end":{"line":25,"column":9}},{"start":{"line":21,"column":8},"end":{"line":25,"column":9}}],"line":21}},"s":{"0":4,"1":4,"2":1,"3":3,"4":1,"5":2,"6":2,"7":1,"8":1},"f":{"0":4},"b":{"0":[3,1],"1":[1,3],"2":[1,2]},"_coverageSchema":"43e27e138ebf9cfc5966b082cf9a028302ed4184","hash":"ec6040b70fb72d37a5a6d94781911feea3cf07f4"}
,"/Users/rebeccahu/Desktop/budgetApp/app/utils/validateData/validateData.js": {"path":"/Users/rebeccahu/Desktop/budgetApp/app/utils/validateData/validateData.js","statementMap":{"0":{"start":{"line":9,"column":8},"end":{"line":16,"column":9}},"1":{"start":{"line":10,"column":33},"end":{"line":10,"column":71}},"2":{"start":{"line":11,"column":29},"end":{"line":11,"column":64}},"3":{"start":{"line":12,"column":26},"end":{"line":12,"column":91}},"4":{"start":{"line":13,"column":12},"end":{"line":15,"column":14}},"5":{"start":{"line":17,"column":29},"end":{"line":17,"column":44}},"6":{"start":{"line":18,"column":23},"end":{"line":18,"column":36}},"7":{"start":{"line":19,"column":8},"end":{"line":53,"column":9}},"8":{"start":{"line":20,"column":31},"end":{"line":20,"column":63}},"9":{"start":{"line":21,"column":30},"end":{"line":21,"column":56}},"10":{"start":{"line":22,"column":12},"end":{"line":52,"column":13}},"11":{"start":{"line":23,"column":27},"end":{"line":23,"column":29}},"12":{"start":{"line":24,"column":16},"end":{"line":26,"column":17}},"13":{"start":{"line":25,"column":20},"end":{"line":25,"column":71}},"14":{"start":{"line":27,"column":16},"end":{"line":29,"column":17}},"15":{"start":{"line":28,"column":20},"end":{"line":28,"column":69}},"16":{"start":{"line":30,"column":16},"end":{"line":30,"column":38}},"17":{"start":{"line":31,"column":30},"end":{"line":31,"column":63}},"18":{"start":{"line":32,"column":16},"end":{"line":34,"column":18}},"19":{"start":{"line":36,"column":29},"end":{"line":36,"column":34}},"20":{"start":{"line":37,"column":31},"end":{"line":37,"column":33}},"21":{"start":{"line":38,"column":16},"end":{"line":43,"column":19}},"22":{"start":{"line":39,"column":20},"end":{"line":42,"column":21}},"23":{"start":{"line":40,"column":24},"end":{"line":40,"column":38}},"24":{"start":{"line":41,"column":24},"end":{"line":41,"column":51}},"25":{"start":{"line":44,"column":16},"end":{"line":51,"column":17}},"26":{"start":{"line":45,"column":41},"end":{"line":45,"column":95}},"27":{"start":{"line":46,"column":34},"end":{"line":46,"column":121}},"28":{"start":{"line":47,"column":20},"end":{"line":50,"column":21}},"29":{"start":{"line":54,"column":8},"end":{"line":54,"column":15}}},"fnMap":{"0":{"name":"(anonymous_0)","decl":{"start":{"line":8,"column":15},"end":{"line":8,"column":16}},"loc":{"start":{"line":8,"column":38},"end":{"line":55,"column":1}},"line":8},"1":{"name":"(anonymous_1)","decl":{"start":{"line":38,"column":37},"end":{"line":38,"column":38}},"loc":{"start":{"line":38,"column":52},"end":{"line":43,"column":17}},"line":38}},"branchMap":{"0":{"loc":{"start":{"line":9,"column":8},"end":{"line":16,"column":9}},"type":"if","locations":[{"start":{"line":9,"column":8},"end":{"line":16,"column":9}},{"start":{"line":9,"column":8},"end":{"line":16,"column":9}}],"line":9},"1":{"loc":{"start":{"line":19,"column":8},"end":{"line":53,"column":9}},"type":"if","locations":[{"start":{"line":19,"column":8},"end":{"line":53,"column":9}},{"start":{"line":19,"column":8},"end":{"line":53,"column":9}}],"line":19},"2":{"loc":{"start":{"line":22,"column":12},"end":{"line":52,"column":13}},"type":"if","locations":[{"start":{"line":22,"column":12},"end":{"line":52,"column":13}},{"start":{"line":22,"column":12},"end":{"line":52,"column":13}}],"line":22},"3":{"loc":{"start":{"line":22,"column":15},"end":{"line":22,"column":42}},"type":"binary-expr","locations":[{"start":{"line":22,"column":15},"end":{"line":22,"column":27}},{"start":{"line":22,"column":31},"end":{"line":22,"column":42}}],"line":22},"4":{"loc":{"start":{"line":24,"column":16},"end":{"line":26,"column":17}},"type":"if","locations":[{"start":{"line":24,"column":16},"end":{"line":26,"column":17}},{"start":{"line":24,"column":16},"end":{"line":26,"column":17}}],"line":24},"5":{"loc":{"start":{"line":27,"column":16},"end":{"line":29,"column":17}},"type":"if","locations":[{"start":{"line":27,"column":16},"end":{"line":29,"column":17}},{"start":{"line":27,"column":16},"end":{"line":29,"column":17}}],"line":27},"6":{"loc":{"start":{"line":39,"column":20},"end":{"line":42,"column":21}},"type":"if","locations":[{"start":{"line":39,"column":20},"end":{"line":42,"column":21}},{"start":{"line":39,"column":20},"end":{"line":42,"column":21}}],"line":39},"7":{"loc":{"start":{"line":44,"column":16},"end":{"line":51,"column":17}},"type":"if","locations":[{"start":{"line":44,"column":16},"end":{"line":51,"column":17}},{"start":{"line":44,"column":16},"end":{"line":51,"column":17}}],"line":44}},"s":{"0":39,"1":1,"2":1,"3":1,"4":1,"5":38,"6":38,"7":38,"8":16,"9":16,"10":16,"11":2,"12":2,"13":1,"14":2,"15":1,"16":2,"17":2,"18":2,"19":14,"20":14,"21":14,"22":17,"23":3,"24":3,"25":14,"26":3,"27":3,"28":3,"29":33},"f":{"0":39,"1":17},"b":{"0":[1,38],"1":[16,22],"2":[2,14],"3":[16,15],"4":[1,1],"5":[1,1],"6":[3,14],"7":[3,11]},"_coverageSchema":"43e27e138ebf9cfc5966b082cf9a028302ed4184","hash":"d9a2888aa4327aa1e7d18e10446b2c5a6f06ca57"}
,"/Users/rebeccahu/Desktop/budgetApp/app/utils/validateData/validateData.samples.js": {"path":"/Users/rebeccahu/Desktop/budgetApp/app/utils/validateData/validateData.samples.js","statementMap":{},"fnMap":{},"branchMap":{},"s":{},"f":{},"b":{},"_coverageSchema":"43e27e138ebf9cfc5966b082cf9a028302ed4184","hash":"d786fcd0eda99a310e7d06ca4aad718fb73c782f"}
}
