TN:
SF:/Users/rebeccahu/Desktop/budgetApp/app/App.js
FNF:0
FNH:0
DA:7,0
LF:1
LH:0
BRDA:9,0,0,0
BRDA:9,0,1,0
BRF:2
BRH:0
end_of_record
TN:
SF:/Users/rebeccahu/Desktop/budgetApp/app/index.js
FNF:0
FNH:0
LF:0
LH:0
BRF:0
BRH:0
end_of_record
TN:
SF:/Users/rebeccahu/Desktop/budgetApp/app/classes/classes.js
FNF:0
FNH:0
LF:0
LH:0
BRF:0
BRH:0
end_of_record
TN:
SF:/Users/rebeccahu/Desktop/budgetApp/app/classes/item.js
FN:9,(anonymous_0)
FN:15,(anonymous_1)
FN:17,(anonymous_2)
FN:18,(anonymous_3)
FN:37,(anonymous_4)
FNF:5
FNH:4
FNDA:10,(anonymous_0)
FNDA:58,(anonymous_1)
FNDA:42,(anonymous_2)
FNDA:0,(anonymous_3)
FNDA:12,(anonymous_4)
DA:10,10
DA:15,10
DA:16,58
DA:17,42
DA:19,0
DA:24,10
DA:29,10
DA:30,0
DA:37,10
DA:38,12
DA:39,12
LF:11
LH:9
BRDA:29,0,0,0
BRDA:29,0,1,10
BRDA:29,1,0,10
BRDA:29,1,1,0
BRF:4
BRH:2
end_of_record
TN:
SF:/Users/rebeccahu/Desktop/budgetApp/app/classes/samples.js
FNF:0
FNH:0
LF:0
LH:0
BRF:0
BRH:0
end_of_record
TN:
SF:/Users/rebeccahu/Desktop/budgetApp/app/classes/account/account.defaults.js
FNF:0
FNH:0
LF:0
LH:0
BRF:0
BRH:0
end_of_record
TN:
SF:/Users/rebeccahu/Desktop/budgetApp/app/classes/account/account.js
FN:11,(anonymous_0)
FNF:1
FNH:1
FNDA:2,(anonymous_0)
DA:4,2
DA:12,2
LF:2
LH:2
BRF:0
BRH:0
end_of_record
TN:
SF:/Users/rebeccahu/Desktop/budgetApp/app/classes/account/account.samples.js
FNF:0
FNH:0
LF:0
LH:0
BRF:0
BRH:0
end_of_record
TN:
SF:/Users/rebeccahu/Desktop/budgetApp/app/classes/bill/bill.defaults.js
FNF:0
FNH:0
LF:0
LH:0
BRF:0
BRH:0
end_of_record
TN:
SF:/Users/rebeccahu/Desktop/budgetApp/app/classes/bill/bill.js
FN:11,(anonymous_0)
FN:40,(anonymous_1)
FN:58,(anonymous_2)
FN:103,(anonymous_3)
FN:116,(anonymous_4)
FN:124,(anonymous_5)
FN:137,(anonymous_6)
FN:162,(anonymous_7)
FNF:8
FNH:6
FNDA:2,(anonymous_0)
FNDA:0,(anonymous_1)
FNDA:4,(anonymous_2)
FNDA:4,(anonymous_3)
FNDA:2,(anonymous_4)
FNDA:2,(anonymous_5)
FNDA:0,(anonymous_6)
FNDA:2,(anonymous_7)
DA:4,2
DA:12,2
DA:13,2
DA:14,2
DA:15,2
DA:22,2
DA:28,2
DA:33,2
DA:40,2
DA:41,0
DA:42,0
DA:43,0
DA:45,0
DA:46,0
DA:47,0
DA:48,0
DA:49,0
DA:51,0
DA:58,2
DA:59,4
DA:60,4
DA:62,4
DA:63,0
DA:69,4
DA:70,4
DA:72,4
DA:74,4
DA:76,4
DA:77,48
DA:78,48
DA:79,48
DA:80,48
DA:81,0
DA:83,48
DA:85,48
DA:92,48
DA:94,4
DA:103,2
DA:104,4
DA:105,4
DA:106,4
DA:107,4
DA:108,4
DA:110,4
DA:116,2
DA:117,2
DA:118,2
DA:124,2
DA:125,2
DA:126,2
DA:127,2
DA:128,0
DA:130,2
DA:137,2
DA:141,0
DA:143,0
DA:144,0
DA:147,0
DA:148,0
DA:150,0
DA:151,0
DA:154,0
DA:162,2
DA:163,2
DA:164,2
DA:165,2
DA:166,2
DA:170,2
DA:172,2
DA:175,2
LF:70
LH:50
BRDA:42,0,0,0
BRDA:42,0,1,0
BRDA:46,1,0,0
BRDA:46,1,1,0
BRDA:62,2,0,0
BRDA:62,2,1,4
BRDA:62,3,0,4
BRDA:62,3,1,4
BRDA:76,4,0,52
BRDA:76,4,1,48
BRDA:80,5,0,0
BRDA:80,5,1,48
BRDA:105,6,0,4
BRDA:105,6,1,0
BRDA:105,7,0,4
BRDA:105,7,1,4
BRDA:126,8,0,2
BRDA:126,8,1,2
BRDA:126,8,2,2
BRDA:127,9,0,0
BRDA:127,9,1,2
BRDA:127,10,0,2
BRDA:127,10,1,2
BRDA:143,11,0,0
BRDA:143,11,1,0
BRDA:150,12,0,0
BRDA:150,12,1,0
BRDA:166,13,0,2
BRDA:166,13,1,0
BRDA:166,14,0,2
BRDA:166,14,1,0
BRF:31
BRH:17
end_of_record
TN:
SF:/Users/rebeccahu/Desktop/budgetApp/app/classes/bill/bill.samples.js
FNF:0
FNH:0
LF:0
LH:0
BRF:0
BRH:0
end_of_record
TN:
SF:/Users/rebeccahu/Desktop/budgetApp/app/classes/dashboard/dashboard.defaults.js
FNF:0
FNH:0
LF:0
LH:0
BRF:0
BRH:0
end_of_record
TN:
SF:/Users/rebeccahu/Desktop/budgetApp/app/classes/dashboard/dashboard.js
FN:11,(anonymous_0)
FNF:1
FNH:0
FNDA:0,(anonymous_0)
DA:4,2
DA:12,0
LF:2
LH:1
BRF:0
BRH:0
end_of_record
TN:
SF:/Users/rebeccahu/Desktop/budgetApp/app/classes/dashboard/dashboard.samples.js
FNF:0
FNH:0
DA:5,0
LF:1
LH:0
BRF:0
BRH:0
end_of_record
TN:
SF:/Users/rebeccahu/Desktop/budgetApp/app/classes/deposit/deposit.defaults.js
FNF:0
FNH:0
DA:4,2
DA:31,2
LF:2
LH:2
BRF:0
BRH:0
end_of_record
TN:
SF:/Users/rebeccahu/Desktop/budgetApp/app/classes/deposit/deposit.js
FN:12,(anonymous_0)
FNF:1
FNH:1
FNDA:2,(anonymous_0)
DA:5,2
DA:13,2
DA:14,2
LF:3
LH:3
BRF:0
BRH:0
end_of_record
TN:
SF:/Users/rebeccahu/Desktop/budgetApp/app/classes/deposit/deposit.options.js
FNF:0
FNH:0
DA:1,2
DA:4,2
DA:5,2
DA:6,2
LF:4
LH:4
BRF:0
BRH:0
end_of_record
TN:
SF:/Users/rebeccahu/Desktop/budgetApp/app/classes/deposit/deposit.samples.js
FNF:0
FNH:0
LF:0
LH:0
BRF:0
BRH:0
end_of_record
TN:
SF:/Users/rebeccahu/Desktop/budgetApp/app/classes/payment/payment.defaults.js
FNF:0
FNH:0
LF:0
LH:0
BRF:0
BRH:0
end_of_record
TN:
SF:/Users/rebeccahu/Desktop/budgetApp/app/classes/payment/payment.js
FN:11,(anonymous_0)
FNF:1
FNH:1
FNDA:2,(anonymous_0)
DA:4,2
DA:12,2
LF:2
LH:2
BRF:0
BRH:0
end_of_record
TN:
SF:/Users/rebeccahu/Desktop/budgetApp/app/classes/payment/payment.samples.js
FNF:0
FNH:0
LF:0
LH:0
BRF:0
BRH:0
end_of_record
TN:
SF:/Users/rebeccahu/Desktop/budgetApp/app/classes/state/state.defaults.js
FNF:0
FNH:0
LF:0
LH:0
BRF:0
BRH:0
end_of_record
TN:
SF:/Users/rebeccahu/Desktop/budgetApp/app/classes/state/state.js
FN:11,(anonymous_0)
FNF:1
FNH:1
FNDA:2,(anonymous_0)
DA:4,2
DA:12,2
LF:2
LH:2
BRF:0
BRH:0
end_of_record
TN:
SF:/Users/rebeccahu/Desktop/budgetApp/app/classes/state/state.samples.js
FNF:0
FNH:0
DA:10,2
LF:1
LH:1
BRF:0
BRH:0
end_of_record
TN:
SF:/Users/rebeccahu/Desktop/budgetApp/app/components/Button/Button.js
FN:5,(anonymous_0)
FNF:1
FNH:0
FNDA:0,(anonymous_0)
DA:5,0
LF:1
LH:0
BRF:0
BRH:0
end_of_record
TN:
SF:/Users/rebeccahu/Desktop/budgetApp/app/components/StyleComponent/StyleComponent.js
FNF:0
FNH:0
DA:7,0
LF:1
LH:0
BRF:0
BRH:0
end_of_record
TN:
SF:/Users/rebeccahu/Desktop/budgetApp/app/pages/home/home.js
FNF:0
FNH:0
LF:0
LH:0
BRF:0
BRH:0
end_of_record
TN:
SF:/Users/rebeccahu/Desktop/budgetApp/app/utils/dashboardHandler/dashboardHandler.js
FN:11,initilization
FN:12,(anonymous_1)
FN:13,(anonymous_2)
FN:27,findsCurrentState
FN:37,initializedDashboard
FN:63,(anonymous_5)
FN:65,(anonymous_6)
FN:71,(anonymous_7)
FNF:8
FNH:0
FNDA:0,initilization
FNDA:0,(anonymous_1)
FNDA:0,(anonymous_2)
FNDA:0,findsCurrentState
FNDA:0,initializedDashboard
FNDA:0,(anonymous_5)
FNDA:0,(anonymous_6)
FNDA:0,(anonymous_7)
DA:11,0
DA:12,0
DA:13,0
DA:14,0
DA:27,0
DA:28,0
DA:37,0
DA:42,0
DA:43,0
DA:44,0
DA:45,0
DA:48,0
DA:57,0
DA:65,0
DA:66,0
DA:67,0
DA:71,0
DA:72,0
LF:18
LH:0
BRDA:28,0,0,0
BRDA:28,0,1,0
BRDA:43,1,0,0
BRDA:43,1,1,0
BRDA:54,2,0,0
BRDA:54,2,1,0
BRDA:63,3,0,0
BRDA:66,4,0,0
BRDA:66,4,1,0
BRDA:66,5,0,0
BRDA:66,5,1,0
BRF:11
BRH:0
end_of_record
TN:
SF:/Users/rebeccahu/Desktop/budgetApp/app/utils/generateDefaults/generateDefaults.js
FN:9,checkKeyHasKey
FN:21,(anonymous_1)
FN:44,(anonymous_2)
FNF:3
FNH:3
FNDA:12,checkKeyHasKey
FNDA:2,(anonymous_1)
FNDA:12,(anonymous_2)
DA:3,2
DA:10,12
DA:11,0
DA:12,0
DA:14,12
DA:22,2
DA:23,0
DA:24,0
DA:25,0
DA:30,2
DA:31,0
DA:32,0
DA:33,0
DA:38,2
DA:39,2
DA:41,2
DA:44,2
DA:45,12
DA:46,0
DA:47,0
DA:49,12
DA:50,10
DA:52,12
DA:53,2
DA:57,2
DA:58,0
DA:63,2
LF:27
LH:16
BRDA:10,0,0,0
BRDA:10,0,1,12
BRDA:22,1,0,0
BRDA:22,1,1,2
BRDA:30,2,0,0
BRDA:30,2,1,2
BRDA:45,3,0,0
BRDA:45,3,1,12
BRDA:49,4,0,10
BRDA:49,4,1,2
BRDA:52,5,0,2
BRDA:52,5,1,10
BRDA:57,6,0,0
BRDA:57,6,1,2
BRF:14
BRH:9
end_of_record
TN:
SF:/Users/rebeccahu/Desktop/budgetApp/app/utils/getData/getData.js
FN:8,loadStateData
FN:12,(anonymous_1)
FNF:2
FNH:2
FNDA:2,loadStateData
FNDA:2,(anonymous_1)
DA:12,2
DA:18,2
DA:21,2
DA:22,1
DA:24,1
DA:25,1
LF:6
LH:6
BRDA:21,0,0,1
BRDA:21,0,1,1
BRF:2
BRH:2
end_of_record
TN:
SF:/Users/rebeccahu/Desktop/budgetApp/app/utils/i18next/i18next.js
FNF:0
FNH:0
DA:6,3
LF:1
LH:1
BRF:0
BRH:0
end_of_record
TN:
SF:/Users/rebeccahu/Desktop/budgetApp/app/utils/processData/processData.js
FN:14,convertDataToClasses
FN:27,(anonymous_1)
FNF:2
FNH:2
FNDA:2,convertDataToClasses
FNDA:2,(anonymous_1)
DA:23,2
DA:24,2
DA:25,2
DA:26,1
DA:27,1
DA:29,2
DA:30,2
DA:31,2
DA:32,2
DA:34,2
DA:36,0
DA:39,1
DA:40,0
DA:42,1
DA:44,1
DA:47,1
LF:16
LH:14
BRDA:25,0,0,1
BRDA:25,0,1,1
BRDA:25,1,0,2
BRDA:25,1,1,2
BRDA:31,2,0,2
BRDA:31,2,1,0
BRDA:39,3,0,0
BRDA:39,3,1,1
BRF:8
BRH:6
end_of_record
TN:
SF:/Users/rebeccahu/Desktop/budgetApp/app/utils/stateHandler/stateHandler.js
FN:13,processDataItemFunction
FN:25,initStateHandler
FN:26,(anonymous_2)
FN:27,(anonymous_3)
FNF:4
FNH:4
FNDA:2,processDataItemFunction
FNDA:3,initStateHandler
FNDA:3,(anonymous_2)
FNDA:2,(anonymous_3)
DA:6,2
DA:13,2
DA:14,2
DA:15,1
DA:17,2
DA:26,3
DA:27,3
DA:28,2
DA:29,2
LF:9
LH:9
BRDA:14,0,0,1
BRDA:14,0,1,1
BRF:2
BRH:2
end_of_record
TN:
SF:/Users/rebeccahu/Desktop/budgetApp/app/utils/submitData/submitData.js
FN:10,(anonymous_0)
FNF:1
FNH:0
FNDA:0,(anonymous_0)
DA:12,0
DA:17,0
DA:18,0
DA:21,0
DA:22,0
DA:28,0
DA:29,0
DA:31,0
LF:8
LH:0
BRDA:13,0,0,0
BRDA:13,0,1,0
BRDA:17,1,0,0
BRDA:17,1,1,0
BRDA:21,2,0,0
BRDA:21,2,1,0
BRF:6
BRH:0
end_of_record
TN:
SF:/Users/rebeccahu/Desktop/budgetApp/app/utils/validateData/validateData.js
FN:8,(anonymous_0)
FN:38,(anonymous_1)
FNF:2
FNH:2
FNDA:10,(anonymous_0)
FNDA:2,(anonymous_1)
DA:9,10
DA:10,0
DA:11,0
DA:12,0
DA:13,0
DA:17,10
DA:18,10
DA:19,10
DA:20,2
DA:21,2
DA:22,2
DA:23,0
DA:24,0
DA:25,0
DA:27,0
DA:28,0
DA:30,0
DA:31,0
DA:32,0
DA:36,2
DA:37,2
DA:38,2
DA:39,2
DA:40,0
DA:41,0
DA:44,2
DA:45,0
DA:46,0
DA:47,0
DA:53,10
LF:30
LH:13
BRDA:9,0,0,0
BRDA:9,0,1,10
BRDA:19,1,0,2
BRDA:19,1,1,8
BRDA:22,2,0,0
BRDA:22,2,1,2
BRDA:22,3,0,2
BRDA:22,3,1,2
BRDA:24,4,0,0
BRDA:24,4,1,0
BRDA:27,5,0,0
BRDA:27,5,1,0
BRDA:39,6,0,0
BRDA:39,6,1,2
BRDA:44,7,0,0
BRDA:44,7,1,2
BRF:16
BRH:8
end_of_record
TN:
SF:/Users/rebeccahu/Desktop/budgetApp/app/utils/validateData/validateData.samples.js
FNF:0
FNH:0
LF:0
LH:0
BRF:0
BRH:0
end_of_record
TN:
SF:/Users/rebeccahu/Desktop/budgetApp/app/vendor/js/index.js
FNF:0
FNH:0
LF:0
LH:0
BRF:0
BRH:0
end_of_record
