TN:
SF:/Users/rebeccahu/Desktop/budgetApp/app/classes/classes.js
FNF:0
FNH:0
LF:0
LH:0
BRF:0
BRH:0
end_of_record
TN:
SF:/Users/rebeccahu/Desktop/budgetApp/app/classes/samples.js
FNF:0
FNH:0
LF:0
LH:0
BRF:0
BRH:0
end_of_record
TN:
SF:/Users/rebeccahu/Desktop/budgetApp/app/classes/account/account.defaults.js
FNF:0
FNH:0
LF:0
LH:0
BRF:0
BRH:0
end_of_record
TN:
SF:/Users/rebeccahu/Desktop/budgetApp/app/classes/account/account.js
FN:10,(anonymous_0)
FNF:1
FNH:1
FNDA:8,(anonymous_0)
DA:3,8
DA:11,8
LF:2
LH:2
BRF:0
BRH:0
end_of_record
TN:
SF:/Users/rebeccahu/Desktop/budgetApp/app/classes/account/account.samples.js
FNF:0
FNH:0
LF:0
LH:0
BRF:0
BRH:0
end_of_record
TN:
SF:/Users/rebeccahu/Desktop/budgetApp/app/classes/bill/bill.defaults.js
FNF:0
FNH:0
LF:0
LH:0
BRF:0
BRH:0
end_of_record
TN:
SF:/Users/rebeccahu/Desktop/budgetApp/app/classes/bill/bill.js
FN:10,(anonymous_0)
FN:39,(anonymous_1)
FN:56,(anonymous_2)
FN:102,(anonymous_3)
FN:115,(anonymous_4)
FN:123,(anonymous_5)
FN:138,(anonymous_6)
FN:165,(anonymous_7)
FNF:8
FNH:8
FNDA:16,(anonymous_0)
FNDA:16,(anonymous_1)
FNDA:51,(anonymous_2)
FNDA:58,(anonymous_3)
FNDA:30,(anonymous_4)
FNDA:30,(anonymous_5)
FNDA:6,(anonymous_6)
FNDA:30,(anonymous_7)
DA:3,8
DA:11,16
DA:12,16
DA:13,16
DA:14,16
DA:21,16
DA:27,16
DA:32,16
DA:39,16
DA:40,16
DA:41,2
DA:43,16
DA:44,16
DA:45,14
DA:46,14
DA:47,14
DA:49,16
DA:56,16
DA:57,51
DA:58,51
DA:59,51
DA:61,51
DA:62,25
DA:68,26
DA:69,26
DA:71,26
DA:73,26
DA:75,26
DA:76,284
DA:77,284
DA:78,284
DA:79,284
DA:80,2
DA:82,282
DA:84,284
DA:91,284
DA:93,26
DA:102,16
DA:103,58
DA:104,58
DA:105,50
DA:106,50
DA:107,50
DA:109,58
DA:115,16
DA:116,30
DA:117,30
DA:123,16
DA:124,30
DA:125,30
DA:126,30
DA:127,30
DA:128,30
DA:129,6
DA:131,30
DA:138,16
DA:140,6
DA:141,6
DA:142,6
DA:143,6
DA:144,6
DA:146,6
DA:147,3
DA:150,3
DA:151,3
DA:153,3
DA:154,1
DA:157,3
DA:165,16
DA:166,30
DA:167,30
DA:168,30
DA:169,30
DA:173,28
DA:175,30
DA:178,16
LF:76
LH:76
BRDA:40,0,0,2
BRDA:40,0,1,14
BRDA:44,1,0,14
BRDA:44,1,1,2
BRDA:61,2,0,25
BRDA:61,2,1,26
BRDA:61,3,0,51
BRDA:61,3,1,32
BRDA:75,4,0,310
BRDA:75,4,1,284
BRDA:79,5,0,2
BRDA:79,5,1,282
BRDA:104,6,0,50
BRDA:104,6,1,8
BRDA:104,7,0,58
BRDA:104,7,1,33
BRDA:127,8,0,30
BRDA:127,8,1,17
BRDA:127,8,2,16
BRDA:128,9,0,6
BRDA:128,9,1,24
BRDA:128,10,0,30
BRDA:128,10,1,28
BRDA:146,11,0,3
BRDA:146,11,1,3
BRDA:153,12,0,1
BRDA:153,12,1,2
BRDA:169,13,0,28
BRDA:169,13,1,2
BRDA:169,14,0,30
BRDA:169,14,1,6
BRF:31
BRH:31
end_of_record
TN:
SF:/Users/rebeccahu/Desktop/budgetApp/app/classes/bill/bill.samples.js
FNF:0
FNH:0
LF:0
LH:0
BRF:0
BRH:0
end_of_record
TN:
SF:/Users/rebeccahu/Desktop/budgetApp/app/classes/dashboard/dashboard.defaults.js
FNF:0
FNH:0
LF:0
LH:0
BRF:0
BRH:0
end_of_record
TN:
SF:/Users/rebeccahu/Desktop/budgetApp/app/classes/dashboard/dashboard.js
FN:10,(anonymous_0)
FNF:1
FNH:1
FNDA:3,(anonymous_0)
DA:3,7
DA:11,3
LF:2
LH:2
BRF:0
BRH:0
end_of_record
TN:
SF:/Users/rebeccahu/Desktop/budgetApp/app/classes/dashboard/dashboard.samples.js
FNF:0
FNH:0
DA:3,1
LF:1
LH:1
BRF:0
BRH:0
end_of_record
TN:
SF:/Users/rebeccahu/Desktop/budgetApp/app/classes/deposit/deposit.defaults.js
FNF:0
FNH:0
DA:4,9
DA:31,9
LF:2
LH:2
BRF:0
BRH:0
end_of_record
TN:
SF:/Users/rebeccahu/Desktop/budgetApp/app/classes/deposit/deposit.js
FN:11,(anonymous_0)
FNF:1
FNH:1
FNDA:14,(anonymous_0)
DA:4,8
DA:12,14
DA:13,10
LF:3
LH:3
BRF:0
BRH:0
end_of_record
TN:
SF:/Users/rebeccahu/Desktop/budgetApp/app/classes/deposit/deposit.samples.js
FNF:0
FNH:0
LF:0
LH:0
BRF:0
BRH:0
end_of_record
TN:
SF:/Users/rebeccahu/Desktop/budgetApp/app/classes/payment/payment.defaults.js
FNF:0
FNH:0
LF:0
LH:0
BRF:0
BRH:0
end_of_record
TN:
SF:/Users/rebeccahu/Desktop/budgetApp/app/classes/payment/payment.js
FN:10,(anonymous_0)
FNF:1
FNH:1
FNDA:4,(anonymous_0)
DA:3,8
DA:11,4
LF:2
LH:2
BRF:0
BRH:0
end_of_record
TN:
SF:/Users/rebeccahu/Desktop/budgetApp/app/classes/payment/payment.samples.js
FNF:0
FNH:0
LF:0
LH:0
BRF:0
BRH:0
end_of_record
TN:
SF:/Users/rebeccahu/Desktop/budgetApp/app/classes/state/state.defaults.js
FNF:0
FNH:0
LF:0
LH:0
BRF:0
BRH:0
end_of_record
TN:
SF:/Users/rebeccahu/Desktop/budgetApp/app/classes/state/state.js
FN:10,(anonymous_0)
FNF:1
FNH:1
FNDA:7,(anonymous_0)
DA:3,7
DA:11,7
LF:2
LH:2
BRF:0
BRH:0
end_of_record
TN:
SF:/Users/rebeccahu/Desktop/budgetApp/app/classes/state/state.samples.js
FNF:0
FNH:0
DA:4,2
LF:1
LH:1
BRF:0
BRH:0
end_of_record
TN:
SF:/Users/rebeccahu/Desktop/budgetApp/app/utils/dashboardHandler/dashboardHandler.js
FN:11,initilization
FN:12,(anonymous_1)
FN:16,(anonymous_2)
FN:30,findsCurrentState
FN:34,initializedDashboard
FN:55,(anonymous_5)
FN:56,(anonymous_6)
FN:60,(anonymous_7)
FNF:8
FNH:8
FNDA:1,initilization
FNDA:1,(anonymous_1)
FNDA:1,(anonymous_2)
FNDA:2,findsCurrentState
FNDA:2,initializedDashboard
FNDA:2,(anonymous_5)
FNDA:2,(anonymous_6)
FNDA:1,(anonymous_7)
DA:11,1
DA:12,1
DA:13,1
DA:16,1
DA:17,1
DA:18,1
DA:30,1
DA:31,2
DA:34,1
DA:35,2
DA:36,2
DA:37,2
DA:38,2
DA:41,2
DA:50,2
DA:51,2
DA:56,2
DA:57,2
DA:58,1
DA:60,1
DA:61,1
LF:21
LH:21
BRDA:13,0,0,0
BRDA:13,0,1,1
BRDA:31,1,0,0
BRDA:31,1,1,2
BRDA:36,2,0,2
BRDA:36,2,1,0
BRDA:47,3,0,1
BRDA:47,3,1,1
BRDA:55,4,0,1
BRDA:57,5,0,1
BRDA:57,5,1,1
BRDA:57,6,0,2
BRDA:57,6,1,2
BRF:13
BRH:10
end_of_record
TN:
SF:/Users/rebeccahu/Desktop/budgetApp/app/utils/generateDefaults/generateDefaults.js
FN:8,checkKeyHasKey
FN:22,(anonymous_1)
FN:45,(anonymous_2)
FNF:3
FNH:3
FNDA:65,checkKeyHasKey
FNDA:13,(anonymous_1)
FNDA:65,(anonymous_2)
DA:2,9
DA:9,65
DA:10,1
DA:11,1
DA:12,1
DA:23,13
DA:24,1
DA:25,1
DA:26,1
DA:31,12
DA:32,1
DA:33,1
DA:34,1
DA:39,11
DA:40,11
DA:42,11
DA:45,11
DA:46,65
DA:47,1
DA:48,1
DA:50,65
DA:51,21
DA:53,65
DA:54,11
DA:58,11
DA:59,1
DA:64,10
LF:27
LH:27
BRDA:9,0,0,1
BRDA:9,0,1,64
BRDA:23,1,0,1
BRDA:23,1,1,12
BRDA:31,2,0,1
BRDA:31,2,1,11
BRDA:46,3,0,1
BRDA:46,3,1,64
BRDA:50,4,0,21
BRDA:50,4,1,44
BRDA:53,5,0,11
BRDA:53,5,1,54
BRDA:58,6,0,1
BRDA:58,6,1,10
BRF:14
BRH:14
end_of_record
TN:
SF:/Users/rebeccahu/Desktop/budgetApp/app/utils/getData/getData.js
FN:8,loadStateData
FN:12,(anonymous_1)
FNF:2
FNH:2
FNDA:5,loadStateData
FNDA:5,(anonymous_1)
DA:12,5
DA:18,5
DA:21,5
DA:22,3
DA:24,2
DA:25,2
LF:6
LH:6
BRDA:21,0,0,3
BRDA:21,0,1,2
BRF:2
BRH:2
end_of_record
TN:
SF:/Users/rebeccahu/Desktop/budgetApp/app/utils/i18next/i18next.js
FNF:0
FNH:0
DA:6,13
LF:1
LH:1
BRF:0
BRH:0
end_of_record
TN:
SF:/Users/rebeccahu/Desktop/budgetApp/app/utils/processData/processData.js
FN:14,convertDataToClasses
FN:19,(anonymous_1)
FNF:2
FNH:2
FNDA:6,convertDataToClasses
FNDA:2,(anonymous_1)
DA:15,6
DA:16,6
DA:17,6
DA:18,2
DA:19,2
DA:21,2
DA:22,2
DA:23,1
DA:24,0
DA:26,1
DA:28,1
DA:31,2
DA:32,1
DA:34,2
DA:36,4
DA:37,4
DA:38,4
LF:17
LH:16
BRDA:17,0,0,2
BRDA:17,0,1,4
BRDA:17,1,0,6
BRDA:17,1,1,5
BRDA:23,2,0,0
BRDA:23,2,1,1
BRDA:31,3,0,1
BRDA:31,3,1,1
BRF:8
BRH:7
end_of_record
TN:
SF:/Users/rebeccahu/Desktop/budgetApp/app/utils/stateHandler/stateHandler.js
FN:12,processDataItemFunction
FN:24,initStateHandler
FN:25,(anonymous_2)
FN:26,(anonymous_3)
FNF:4
FNH:3
FNDA:0,processDataItemFunction
FNDA:3,initStateHandler
FNDA:3,(anonymous_2)
FNDA:2,(anonymous_3)
DA:5,2
DA:12,2
DA:13,0
DA:14,0
DA:16,0
DA:25,3
DA:26,3
DA:27,2
DA:28,2
DA:29,2
LF:10
LH:7
BRDA:13,0,0,0
BRDA:13,0,1,0
BRF:2
BRH:0
end_of_record
TN:
SF:/Users/rebeccahu/Desktop/budgetApp/app/utils/submitData/submitData.js
FN:10,(anonymous_0)
FNF:1
FNH:1
FNDA:4,(anonymous_0)
DA:12,4
DA:17,4
DA:18,1
DA:21,3
DA:22,1
DA:29,2
DA:30,2
DA:31,1
DA:33,1
LF:9
LH:9
BRDA:13,0,0,3
BRDA:13,0,1,1
BRDA:17,1,0,1
BRDA:17,1,1,3
BRDA:21,2,0,1
BRDA:21,2,1,2
BRF:6
BRH:6
end_of_record
TN:
SF:/Users/rebeccahu/Desktop/budgetApp/app/utils/validateData/validateData.js
FN:8,(anonymous_0)
FN:38,(anonymous_1)
FNF:2
FNH:2
FNDA:58,(anonymous_0)
FNDA:20,(anonymous_1)
DA:9,58
DA:10,1
DA:11,1
DA:12,1
DA:13,1
DA:17,57
DA:18,57
DA:19,57
DA:20,19
DA:21,19
DA:22,19
DA:23,2
DA:24,2
DA:25,1
DA:27,2
DA:28,1
DA:30,2
DA:31,2
DA:32,2
DA:36,17
DA:37,17
DA:38,17
DA:39,20
DA:40,4
DA:41,4
DA:44,17
DA:45,4
DA:46,4
DA:47,4
DA:54,51
LF:30
LH:30
BRDA:9,0,0,1
BRDA:9,0,1,57
BRDA:19,1,0,19
BRDA:19,1,1,38
BRDA:22,2,0,2
BRDA:22,2,1,17
BRDA:22,3,0,19
BRDA:22,3,1,18
BRDA:24,4,0,1
BRDA:24,4,1,1
BRDA:27,5,0,1
BRDA:27,5,1,1
BRDA:39,6,0,4
BRDA:39,6,1,16
BRDA:44,7,0,4
BRDA:44,7,1,13
BRF:16
BRH:16
end_of_record
